Log file open, 12/13/20 18:59:52
LogInit: Display: Running engine for game: ThirdPersontry
LogPlatformFile: Not using cached read wrapper
LogTaskGraph: Started task graph with 5 named threads and 23 total threads with 3 sets of task threads.
LogStats: Stats thread started at 0.241790
LogD3D11RHI: Loaded GFSDK_Aftermath_Lib.x64.dll
LogICUInternationalization: ICU TimeZone Detection - Raw Offset: +8:00, Platform Override: ''
LogPluginManager: Mounting plugin Paper2D
LogPluginManager: Mounting plugin AISupport
LogPluginManager: Mounting plugin LightPropagationVolume
LogPluginManager: Mounting plugin CameraShakePreviewer
LogPluginManager: Mounting plugin ActorLayerUtilities
LogPluginManager: Mounting plugin AnimationSharing
LogPluginManager: Mounting plugin CLionSourceCodeAccess
LogPluginManager: Mounting plugin CodeLiteSourceCodeAccess
LogPluginManager: Mounting plugin GitSourceControl
LogPluginManager: Mounting plugin KDevelopSourceCodeAccess
LogPluginManager: Mounting plugin NullSourceCodeAccess
LogPluginManager: Mounting plugin PerforceSourceControl
LogPluginManager: Mounting plugin PlasticSourceControl
LogPluginManager: Mounting plugin RiderSourceCodeAccess
LogPluginManager: Mounting plugin SubversionSourceControl
LogPluginManager: Mounting plugin UObjectPlugin
LogPluginManager: Mounting plugin VisualStudioCodeSourceCodeAccess
LogPluginManager: Mounting plugin VisualStudioSourceCodeAccess
LogPluginManager: Mounting plugin XCodeSourceCodeAccess
LogPluginManager: Mounting plugin AssetManagerEditor
LogPluginManager: Mounting plugin CryptoKeys
LogPluginManager: Mounting plugin CurveEditorTools
LogPluginManager: Mounting plugin DataValidation
LogPluginManager: Mounting plugin EditorScriptingUtilities
LogPluginManager: Mounting plugin FacialAnimation
LogPluginManager: Mounting plugin GameplayTagsEditor
LogPluginManager: Mounting plugin GeometryMode
LogPluginManager: Mounting plugin MacGraphicsSwitching
LogPluginManager: Mounting plugin MaterialAnalyzer
LogPluginManager: Mounting plugin MobileLauncherProfileWizard
LogPluginManager: Mounting plugin PluginBrowser
LogPluginManager: Mounting plugin SpeedTreeImporter
LogPluginManager: Mounting plugin DatasmithContent
LogPluginManager: Mounting plugin VariantManagerContent
LogPluginManager: Mounting plugin AlembicImporter
LogPluginManager: Mounting plugin AutomationUtils
LogPluginManager: Mounting plugin BackChannel
LogPluginManager: Mounting plugin ChaosCloth
LogPluginManager: Mounting plugin ChaosClothEditor
LogPluginManager: Mounting plugin ChaosEditor
LogPluginManager: Mounting plugin ChaosNiagara
LogPluginManager: Mounting plugin ChaosSolverPlugin
LogPluginManager: Mounting plugin CharacterAI
LogPluginManager: Mounting plugin GeometryCache
LogPluginManager: Mounting plugin GeometryCollectionPlugin
LogPluginManager: Mounting plugin GeometryProcessing
LogPluginManager: Mounting plugin PlanarCut
LogPluginManager: Mounting plugin PlatformCrypto
LogPluginManager: Mounting plugin ProxyLODPlugin
LogPluginManager: Mounting plugin SkeletalReduction
LogPluginManager: Mounting plugin Niagara
LogPluginManager: Mounting plugin MagicLeap
LogPluginManager: Mounting plugin MagicLeapLightEstimation
LogPluginManager: Mounting plugin MagicLeapMedia
LogPluginManager: Mounting plugin MagicLeapPassableWorld
LogPluginManager: Mounting plugin MLSDK
LogPluginManager: Mounting plugin AndroidMedia
LogPluginManager: Mounting plugin AvfMedia
LogPluginManager: Mounting plugin ImgMedia
LogPluginManager: Mounting plugin MediaCompositing
LogPluginManager: Mounting plugin MediaPlayerEditor
LogPluginManager: Mounting plugin WebMMedia
LogPluginManager: Mounting plugin WmfMedia
LogPluginManager: Mounting plugin MeshPainting
LogPluginManager: Mounting plugin TcpMessaging
LogPluginManager: Mounting plugin UdpMessaging
LogPluginManager: Mounting plugin ActorSequence
LogPluginManager: Mounting plugin LevelSequenceEditor
LogPluginManager: Mounting plugin MatineeToLevelSequence
LogPluginManager: Mounting plugin MovieRenderPipeline
LogPluginManager: Mounting plugin TemplateSequence
LogPluginManager: Mounting plugin NetcodeUnitTest
LogPluginManager: Mounting plugin NUTUnrealEngine4
LogPluginManager: Mounting plugin OnlineSubsystemGooglePlay
LogPluginManager: Mounting plugin OnlineSubsystemIOS
LogPluginManager: Mounting plugin OnlineSubsystem
LogPluginManager: Mounting plugin OnlineSubsystemNull
LogPluginManager: Mounting plugin OnlineSubsystemUtils
LogPluginManager: Mounting plugin LauncherChunkInstaller
LogPluginManager: Mounting plugin AndroidDeviceProfileSelector
LogPluginManager: Mounting plugin AndroidMoviePlayer
LogPluginManager: Mounting plugin AndroidPermission
LogPluginManager: Mounting plugin AppleImageUtils
LogPluginManager: Mounting plugin AppleMoviePlayer
LogPluginManager: Mounting plugin ArchVisCharacter
LogPluginManager: Mounting plugin AssetTags
LogPluginManager: Mounting plugin AudioCapture
LogPluginManager: Mounting plugin CableComponent
LogPluginManager: Mounting plugin CustomMeshComponent
LogPluginManager: Mounting plugin EditableMesh
LogPluginManager: Mounting plugin ExampleDeviceProfileSelector
LogPluginManager: Mounting plugin GoogleCloudMessaging
LogPluginManager: Mounting plugin GooglePAD
LogPluginManager: Mounting plugin IOSDeviceProfileSelector
LogPluginManager: Mounting plugin LinuxDeviceProfileSelector
LogPluginManager: Mounting plugin LocationServicesBPLibrary
LogPluginManager: Mounting plugin MobilePatchingUtils
LogPluginManager: Mounting plugin OculusVR
LogPluginManager: Mounting plugin PhysXVehicles
LogPluginManager: Mounting plugin PostSplashScreen
LogPluginManager: Mounting plugin ProceduralMeshComponent
LogPluginManager: Mounting plugin RuntimePhysXCooking
LogPluginManager: Mounting plugin SignificanceManager
LogPluginManager: Mounting plugin SoundFields
LogPluginManager: Mounting plugin SteamVR
LogPluginManager: Mounting plugin Synthesis
LogPluginManager: Mounting plugin WebMMoviePlayer
LogPluginManager: Mounting plugin WindowsMoviePlayer
LogPluginManager: Mounting plugin ScreenshotTools
LogInit: Using libcurl 7.55.1-DEV
LogInit:  - built for x86_64-pc-win32
LogInit:  - supports SSL with OpenSSL/1.1.1
LogInit:  - supports HTTP deflate (compression) using libz 1.2.8
LogInit:  - other features:
LogInit:      CURL_VERSION_SSL
LogInit:      CURL_VERSION_LIBZ
LogInit:      CURL_VERSION_IPV6
LogInit:      CURL_VERSION_ASYNCHDNS
LogInit:      CURL_VERSION_LARGEFILE
LogInit:      CURL_VERSION_IDN
LogInit:  CurlRequestOptions (configurable via config and command line):
LogInit:  - bVerifyPeer = true  - Libcurl will verify peer certificate
LogInit:  - bUseHttpProxy = false  - Libcurl will NOT use HTTP proxy
LogInit:  - bDontReuseConnections = false  - Libcurl will reuse connections
LogInit:  - MaxHostConnections = 16  - Libcurl will limit the number of connections to a host
LogInit:  - LocalHostAddr = Default
LogInit:  - BufferSize = 65536
LogOnline: OSS: Creating online subsystem instance for: NULL
LogInit: WinSock: version 1.1 (2.2), MaxSocks=32767, MaxUdp=65467
LogOnline: OSS: TryLoadSubsystemAndSetDefault: Loaded subsystem for module [NULL]
LogInit: Build: ++UE4+Release-4.25-CL-13942748
LogInit: Engine Version: 4.25.3-13942748+++UE4+Release-4.25
LogInit: Compatible Engine Version: 4.25.0-13144385+++UE4+Release-4.25
LogInit: Net CL: 13144385
LogInit: OS: Windows 10 (Release 1909) (), CPU: Intel(R) Core(TM) i7-7700HQ CPU @ 2.80GHz, GPU: Intel(R) HD Graphics 630
LogInit: Compiled (64-bit): Jul 25 2020 02:07:48
LogInit: Compiled with Visual C++: 19.24.28315.00
LogInit: Build Configuration: Development
LogInit: Branch Name: ++UE4+Release-4.25
LogInit: Command Line: 
LogInit: Base Directory: D:/EPICGAMES/UE_4.25/Engine/Binaries/Win64/
LogInit: Allocator: TBB
LogInit: Installed Engine Build: 1
LogDevObjectVersion: Number of dev versions registered: 26
LogDevObjectVersion:   Dev-Blueprints (B0D832E4-1F89-4F0D-ACCF-7EB736FD4AA2): 10
LogDevObjectVersion:   Dev-Build (E1C64328-A22C-4D53-A36C-8E866417BD8C): 0
LogDevObjectVersion:   Dev-Core (375EC13C-06E4-48FB-B500-84F0262A717E): 4
LogDevObjectVersion:   Dev-Editor (E4B068ED-F494-42E9-A231-DA0B2E46BB41): 38
LogDevObjectVersion:   Dev-Framework (CFFC743F-43B0-4480-9391-14DF171D2073): 37
LogDevObjectVersion:   Dev-Mobile (B02B49B5-BB20-44E9-A304-32B752E40360): 2
LogDevObjectVersion:   Dev-Networking (A4E4105C-59A1-49B5-A7C5-40C4547EDFEE): 0
LogDevObjectVersion:   Dev-Online (39C831C9-5AE6-47DC-9A44-9C173E1C8E7C): 0
LogDevObjectVersion:   Dev-Physics (78F01B33-EBEA-4F98-B9B4-84EACCB95AA2): 4
LogDevObjectVersion:   Dev-Platform (6631380F-2D4D-43E0-8009-CF276956A95A): 0
LogDevObjectVersion:   Dev-Rendering (12F88B9F-8875-4AFC-A67C-D90C383ABD29): 43
LogDevObjectVersion:   Dev-Sequencer (7B5AE74C-D270-4C10-A958-57980B212A5A): 12
LogDevObjectVersion:   Dev-VR (D7296918-1DD6-4BDD-9DE2-64A83CC13884): 3
LogDevObjectVersion:   Dev-LoadTimes (C2A15278-BFE7-4AFE-6C17-90FF531DF755): 1
LogDevObjectVersion:   Private-Geometry (6EACA3D4-40EC-4CC1-B786-8BED09428FC5): 3
LogDevObjectVersion:   Dev-AnimPhys (29E575DD-E0A3-4627-9D10-D276232CDCEA): 17
LogDevObjectVersion:   Dev-Anim (AF43A65D-7FD3-4947-9873-3E8ED9C1BB05): 7
LogDevObjectVersion:   Dev-ReflectionCapture (6B266CEC-1EC7-4B8F-A30B-E4D90942FC07): 1
LogDevObjectVersion:   Dev-Automation (0DF73D61-A23F-47EA-B727-89E90C41499A): 1
LogDevObjectVersion:   FortniteMain (601D1886-AC64-4F84-AA16-D3DE0DEAC7D6): 31
LogDevObjectVersion:   Dev-Enterprise (9DFFBCD6-494F-0158-E221-12823C92A888): 10
LogDevObjectVersion:   Dev-Niagara (F2AED0AC-9AFE-416F-8664-AA7FFA26D6FC): 1
LogDevObjectVersion:   Dev-Destruction (174F1F0B-B4C6-45A5-B13F-2EE8D0FB917D): 10
LogDevObjectVersion:   Dev-Physics-Ext (35F94A83-E258-406C-A318-09F59610247C): 37
LogDevObjectVersion:   Dev-PhysicsMaterial-Chaos (B68FC16E-8B1B-42E2-B453-215C058844FE): 1
LogDevObjectVersion:   Dev-CineCamera (B2E18506-4273-CFC2-A54E-F4BB758BBA07): 1
LogInit: Presizing for max 25165824 objects, including 0 objects not considered by GC, pre-allocating 0 bytes for permanent pool.
LogConfig: Applying CVar settings from Section [/Script/Engine.StreamingSettings] File [D:/GEDFinal/Game_Engine_Final/ThirdPersontry/Saved/Config/Windows/Engine.ini]
LogConfig: Setting CVar [[s.MinBulkDataSizeForAsyncLoading:131072]]
LogConfig: Setting CVar [[s.AsyncLoadingThreadEnabled:0]]
LogConfig: Setting CVar [[s.EventDrivenLoaderEnabled:1]]
LogConfig: Setting CVar [[s.WarnIfTimeLimitExceeded:0]]
LogConfig: Setting CVar [[s.TimeLimitExceededMultiplier:1.5]]
LogConfig: Setting CVar [[s.TimeLimitExceededMinTime:0.005]]
LogConfig: Setting CVar [[s.UseBackgroundLevelStreaming:1]]
LogConfig: Setting CVar [[s.PriorityAsyncLoadingExtraTime:15.0]]
LogConfig: Setting CVar [[s.LevelStreamingActorsUpdateTimeLimit:5.0]]
LogConfig: Setting CVar [[s.PriorityLevelStreamingActorsUpdateExtraTime:5.0]]
LogConfig: Setting CVar [[s.LevelStreamingComponentsRegistrationGranularity:10]]
LogConfig: Setting CVar [[s.UnregisterComponentsTimeLimit:1.0]]
LogConfig: Setting CVar [[s.LevelStreamingComponentsUnregistrationGranularity:5]]
LogConfig: Setting CVar [[s.FlushStreamingOnExit:1]]
LogInit: Object subsystem initialized
LogConfig: Setting CVar [[con.DebugEarlyDefault:1]]
LogConfig: Setting CVar [[r.setres:1280x720]]
[2020.12.13-10.59.52:983][  0]LogConfig: Setting CVar [[r.VSync:0]]
[2020.12.13-10.59.52:983][  0]LogConfig: Setting CVar [[r.RHICmdBypass:0]]
[2020.12.13-10.59.52:983][  0]LogConfig: Applying CVar settings from Section [/Script/Engine.RendererSettings] File [D:/GEDFinal/Game_Engine_Final/ThirdPersontry/Saved/Config/Windows/Engine.ini]
[2020.12.13-10.59.52:983][  0]LogConfig: Setting CVar [[r.GPUCrashDebugging:0]]
[2020.12.13-10.59.52:983][  0]LogConfig: Applying CVar settings from Section [/Script/Engine.RendererOverrideSettings] File [D:/GEDFinal/Game_Engine_Final/ThirdPersontry/Saved/Config/Windows/Engine.ini]
[2020.12.13-10.59.52:983][  0]LogConfig: Applying CVar settings from Section [/Script/Engine.StreamingSettings] File [D:/GEDFinal/Game_Engine_Final/ThirdPersontry/Saved/Config/Windows/Engine.ini]
[2020.12.13-10.59.52:983][  0]LogConfig: Setting CVar [[s.MinBulkDataSizeForAsyncLoading:131072]]
[2020.12.13-10.59.52:983][  0]LogConfig: Setting CVar [[s.AsyncLoadingThreadEnabled:0]]
[2020.12.13-10.59.52:983][  0]LogConfig: Setting CVar [[s.EventDrivenLoaderEnabled:1]]
[2020.12.13-10.59.52:983][  0]LogConfig: Setting CVar [[s.WarnIfTimeLimitExceeded:0]]
[2020.12.13-10.59.52:983][  0]LogConfig: Setting CVar [[s.TimeLimitExceededMultiplier:1.5]]
[2020.12.13-10.59.52:983][  0]LogConfig: Setting CVar [[s.TimeLimitExceededMinTime:0.005]]
[2020.12.13-10.59.52:983][  0]LogConfig: Setting CVar [[s.UseBackgroundLevelStreaming:1]]
[2020.12.13-10.59.52:983][  0]LogConfig: Setting CVar [[s.PriorityAsyncLoadingExtraTime:15.0]]
[2020.12.13-10.59.52:983][  0]LogConfig: Setting CVar [[s.LevelStreamingActorsUpdateTimeLimit:5.0]]
[2020.12.13-10.59.52:983][  0]LogConfig: Setting CVar [[s.PriorityLevelStreamingActorsUpdateExtraTime:5.0]]
[2020.12.13-10.59.52:984][  0]LogConfig: Setting CVar [[s.LevelStreamingComponentsRegistrationGranularity:10]]
[2020.12.13-10.59.52:984][  0]LogConfig: Setting CVar [[s.UnregisterComponentsTimeLimit:1.0]]
[2020.12.13-10.59.52:984][  0]LogConfig: Setting CVar [[s.LevelStreamingComponentsUnregistrationGranularity:5]]
[2020.12.13-10.59.52:984][  0]LogConfig: Setting CVar [[s.FlushStreamingOnExit:1]]
[2020.12.13-10.59.52:984][  0]LogConfig: Applying CVar settings from Section [/Script/Engine.GarbageCollectionSettings] File [D:/GEDFinal/Game_Engine_Final/ThirdPersontry/Saved/Config/Windows/Engine.ini]
[2020.12.13-10.59.52:984][  0]LogConfig: Setting CVar [[gc.MaxObjectsNotConsideredByGC:1]]
[2020.12.13-10.59.52:984][  0]LogConfig: Setting CVar [[gc.SizeOfPermanentObjectPool:0]]
[2020.12.13-10.59.52:984][  0]LogConfig: Setting CVar [[gc.FlushStreamingOnGC:0]]
[2020.12.13-10.59.52:984][  0]LogConfig: Setting CVar [[gc.NumRetriesBeforeForcingGC:10]]
[2020.12.13-10.59.52:984][  0]LogConfig: Setting CVar [[gc.AllowParallelGC:1]]
[2020.12.13-10.59.52:984][  0]LogConfig: Setting CVar [[gc.TimeBetweenPurgingPendingKillObjects:61.1]]
[2020.12.13-10.59.52:984][  0]LogConfig: Setting CVar [[gc.MaxObjectsInEditor:25165824]]
[2020.12.13-10.59.52:984][  0]LogConfig: Setting CVar [[gc.IncrementalBeginDestroyEnabled:1]]
[2020.12.13-10.59.52:984][  0]LogConfig: Setting CVar [[gc.CreateGCClusters:1]]
[2020.12.13-10.59.52:984][  0]LogConfig: Setting CVar [[gc.MinGCClusterSize:5]]
[2020.12.13-10.59.52:984][  0]LogConfig: Setting CVar [[gc.ActorClusteringEnabled:0]]
[2020.12.13-10.59.52:984][  0]LogConfig: Setting CVar [[gc.BlueprintClusteringEnabled:0]]
[2020.12.13-10.59.52:984][  0]LogConfig: Setting CVar [[gc.UseDisregardForGCOnDedicatedServers:0]]
[2020.12.13-10.59.52:984][  0]LogConfig: Applying CVar settings from Section [/Script/Engine.NetworkSettings] File [D:/GEDFinal/Game_Engine_Final/ThirdPersontry/Saved/Config/Windows/Engine.ini]
[2020.12.13-10.59.52:984][  0]LogConfig: Applying CVar settings from Section [/Script/UnrealEd.CookerSettings] File [D:/GEDFinal/Game_Engine_Final/ThirdPersontry/Saved/Config/Windows/Engine.ini]
[2020.12.13-10.59.52:987][  0]LogConfig: Applying CVar settings from Section [ViewDistanceQuality@3] File [D:/GEDFinal/Game_Engine_Final/ThirdPersontry/Saved/Config/Windows/Scalability.ini]
[2020.12.13-10.59.52:987][  0]LogConfig: Setting CVar [[r.SkeletalMeshLODBias:0]]
[2020.12.13-10.59.52:987][  0]LogConfig: Setting CVar [[r.ViewDistanceScale:1.0]]
[2020.12.13-10.59.52:987][  0]LogConfig: Applying CVar settings from Section [AntiAliasingQuality@3] File [D:/GEDFinal/Game_Engine_Final/ThirdPersontry/Saved/Config/Windows/Scalability.ini]
[2020.12.13-10.59.52:987][  0]LogConfig: Setting CVar [[r.PostProcessAAQuality:4]]
[2020.12.13-10.59.52:987][  0]LogConfig: Applying CVar settings from Section [ShadowQuality@3] File [D:/GEDFinal/Game_Engine_Final/ThirdPersontry/Saved/Config/Windows/Scalability.ini]
[2020.12.13-10.59.52:987][  0]LogConfig: Setting CVar [[r.LightFunctionQuality:1]]
[2020.12.13-10.59.52:988][  0]LogConfig: Setting CVar [[r.ShadowQuality:5]]
[2020.12.13-10.59.52:988][  0]LogConfig: Setting CVar [[r.Shadow.CSM.MaxCascades:10]]
[2020.12.13-10.59.52:988][  0]LogConfig: Setting CVar [[r.Shadow.MaxResolution:2048]]
[2020.12.13-10.59.52:988][  0]LogConfig: Setting CVar [[r.Shadow.MaxCSMResolution:2048]]
[2020.12.13-10.59.52:988][  0]LogConfig: Setting CVar [[r.Shadow.RadiusThreshold:0.01]]
[2020.12.13-10.59.52:988][  0]LogConfig: Setting CVar [[r.Shadow.DistanceScale:1.0]]
[2020.12.13-10.59.52:988][  0]LogConfig: Setting CVar [[r.Shadow.CSM.TransitionScale:1.0]]
[2020.12.13-10.59.52:988][  0]LogConfig: Setting CVar [[r.Shadow.PreShadowResolutionFactor:1.0]]
[2020.12.13-10.59.52:988][  0]LogConfig: Setting CVar [[r.DistanceFieldShadowing:1]]
[2020.12.13-10.59.52:988][  0]LogConfig: Setting CVar [[r.DistanceFieldAO:1]]
[2020.12.13-10.59.52:988][  0]LogConfig: Setting CVar [[r.AOQuality:2]]
[2020.12.13-10.59.52:988][  0]LogConfig: Setting CVar [[r.VolumetricFog:1]]
[2020.12.13-10.59.52:988][  0]LogConfig: Setting CVar [[r.VolumetricFog.GridPixelSize:8]]
[2020.12.13-10.59.52:988][  0]LogConfig: Setting CVar [[r.VolumetricFog.GridSizeZ:128]]
[2020.12.13-10.59.52:988][  0]LogConfig: Setting CVar [[r.VolumetricFog.HistoryMissSupersampleCount:4]]
[2020.12.13-10.59.52:988][  0]LogConfig: Setting CVar [[r.LightMaxDrawDistanceScale:1]]
[2020.12.13-10.59.52:988][  0]LogConfig: Setting CVar [[r.CapsuleShadows:1]]
[2020.12.13-10.59.52:988][  0]LogConfig: Applying CVar settings from Section [PostProcessQuality@3] File [D:/GEDFinal/Game_Engine_Final/ThirdPersontry/Saved/Config/Windows/Scalability.ini]
[2020.12.13-10.59.52:988][  0]LogConfig: Setting CVar [[r.MotionBlurQuality:4]]
[2020.12.13-10.59.52:988][  0]LogConfig: Setting CVar [[r.AmbientOcclusionMipLevelFactor:0.4]]
[2020.12.13-10.59.52:988][  0]LogConfig: Setting CVar [[r.AmbientOcclusionMaxQuality:100]]
[2020.12.13-10.59.52:988][  0]LogConfig: Setting CVar [[r.AmbientOcclusionLevels:-1]]
[2020.12.13-10.59.52:988][  0]LogConfig: Setting CVar [[r.AmbientOcclusionRadiusScale:1.0]]
[2020.12.13-10.59.52:988][  0]LogConfig: Setting CVar [[r.DepthOfFieldQuality:2]]
[2020.12.13-10.59.52:988][  0]LogConfig: Setting CVar [[r.RenderTargetPoolMin:400]]
[2020.12.13-10.59.52:988][  0]LogConfig: Setting CVar [[r.LensFlareQuality:2]]
[2020.12.13-10.59.52:988][  0]LogConfig: Setting CVar [[r.SceneColorFringeQuality:1]]
[2020.12.13-10.59.52:988][  0]LogConfig: Setting CVar [[r.EyeAdaptationQuality:2]]
[2020.12.13-10.59.52:988][  0]LogConfig: Setting CVar [[r.BloomQuality:5]]
[2020.12.13-10.59.52:988][  0]LogConfig: Setting CVar [[r.FastBlurThreshold:100]]
[2020.12.13-10.59.52:988][  0]LogConfig: Setting CVar [[r.Upscale.Quality:3]]
[2020.12.13-10.59.52:988][  0]LogConfig: Setting CVar [[r.Tonemapper.GrainQuantization:1]]
[2020.12.13-10.59.52:988][  0]LogConfig: Setting CVar [[r.LightShaftQuality:1]]
[2020.12.13-10.59.52:988][  0]LogConfig: Setting CVar [[r.Filter.SizeScale:1]]
[2020.12.13-10.59.52:988][  0]LogConfig: Setting CVar [[r.Tonemapper.Quality:5]]
[2020.12.13-10.59.52:988][  0]LogConfig: Setting CVar [[r.DOF.Gather.AccumulatorQuality:1        ; higher gathering accumulator quality]]
[2020.12.13-10.59.52:988][  0]LogConfig: Setting CVar [[r.DOF.Gather.PostfilterMethod:1          ; Median3x3 postfilering method]]
[2020.12.13-10.59.52:988][  0]LogConfig: Setting CVar [[r.DOF.Gather.EnableBokehSettings:0       ; no bokeh simulation when gathering]]
[2020.12.13-10.59.52:988][  0]LogConfig: Setting CVar [[r.DOF.Gather.RingCount:4                 ; medium number of samples when gathering]]
[2020.12.13-10.59.52:988][  0]LogConfig: Setting CVar [[r.DOF.Scatter.ForegroundCompositing:1    ; additive foreground scattering]]
[2020.12.13-10.59.52:988][  0]LogConfig: Setting CVar [[r.DOF.Scatter.BackgroundCompositing:2    ; additive background scattering]]
[2020.12.13-10.59.52:988][  0]LogConfig: Setting CVar [[r.DOF.Scatter.EnableBokehSettings:1      ; bokeh simulation when scattering]]
[2020.12.13-10.59.52:988][  0]LogConfig: Setting CVar [[r.DOF.Scatter.MaxSpriteRatio:0.1         ; only a maximum of 10% of scattered bokeh]]
[2020.12.13-10.59.52:989][  0]LogConfig: Setting CVar [[r.DOF.Recombine.Quality:1                ; cheap slight out of focus]]
[2020.12.13-10.59.52:989][  0]LogConfig: Setting CVar [[r.DOF.Recombine.EnableBokehSettings:0    ; no bokeh simulation on slight out of focus]]
[2020.12.13-10.59.52:989][  0]LogConfig: Setting CVar [[r.DOF.TemporalAAQuality:1                ; more stable temporal accumulation]]
[2020.12.13-10.59.52:989][  0]LogConfig: Setting CVar [[r.DOF.Kernel.MaxForegroundRadius:0.025]]
[2020.12.13-10.59.52:989][  0]LogConfig: Setting CVar [[r.DOF.Kernel.MaxBackgroundRadius:0.025]]
[2020.12.13-10.59.52:989][  0]LogConfig: Applying CVar settings from Section [TextureQuality@3] File [D:/GEDFinal/Game_Engine_Final/ThirdPersontry/Saved/Config/Windows/Scalability.ini]
[2020.12.13-10.59.52:989][  0]LogConfig: Setting CVar [[r.Streaming.MipBias:0]]
[2020.12.13-10.59.52:989][  0]LogConfig: Setting CVar [[r.Streaming.AmortizeCPUToGPUCopy:0]]
[2020.12.13-10.59.52:989][  0]LogConfig: Setting CVar [[r.Streaming.MaxNumTexturesToStreamPerFrame:0]]
[2020.12.13-10.59.52:989][  0]LogConfig: Setting CVar [[r.Streaming.Boost:1]]
[2020.12.13-10.59.52:989][  0]LogConfig: Setting CVar [[r.MaxAnisotropy:8]]
[2020.12.13-10.59.52:989][  0]LogConfig: Setting CVar [[r.VT.MaxAnisotropy:8]]
[2020.12.13-10.59.52:989][  0]LogConfig: Setting CVar [[r.Streaming.LimitPoolSizeToVRAM:0]]
[2020.12.13-10.59.52:989][  0]LogConfig: Setting CVar [[r.Streaming.PoolSize:1000]]
[2020.12.13-10.59.52:989][  0]LogConfig: Setting CVar [[r.Streaming.MaxEffectiveScreenSize:0]]
[2020.12.13-10.59.52:989][  0]LogConfig: Applying CVar settings from Section [EffectsQuality@3] File [D:/GEDFinal/Game_Engine_Final/ThirdPersontry/Saved/Config/Windows/Scalability.ini]
[2020.12.13-10.59.52:989][  0]LogConfig: Setting CVar [[r.TranslucencyLightingVolumeDim:64]]
[2020.12.13-10.59.52:989][  0]LogConfig: Setting CVar [[r.RefractionQuality:2]]
[2020.12.13-10.59.52:989][  0]LogConfig: Setting CVar [[r.SSR.Quality:3]]
[2020.12.13-10.59.52:989][  0]LogConfig: Setting CVar [[r.SSR.HalfResSceneColor:0]]
[2020.12.13-10.59.52:989][  0]LogConfig: Setting CVar [[r.SceneColorFormat:4]]
[2020.12.13-10.59.52:989][  0]LogConfig: Setting CVar [[r.DetailMode:2]]
[2020.12.13-10.59.52:989][  0]LogConfig: Setting CVar [[r.TranslucencyVolumeBlur:1]]
[2020.12.13-10.59.52:989][  0]LogConfig: Setting CVar [[r.MaterialQualityLevel:1 ; High quality]]
[2020.12.13-10.59.52:989][  0]LogConfig: Setting CVar [[r.SSS.Scale:1]]
[2020.12.13-10.59.52:989][  0]LogConfig: Setting CVar [[r.SSS.SampleSet:2]]
[2020.12.13-10.59.52:989][  0]LogConfig: Setting CVar [[r.SSS.Quality:1]]
[2020.12.13-10.59.52:989][  0]LogConfig: Setting CVar [[r.SSS.HalfRes:0]]
[2020.12.13-10.59.52:989][  0]LogConfig: Setting CVar [[r.SSGI.Quality:3]]
[2020.12.13-10.59.52:989][  0]LogConfig: Setting CVar [[r.EmitterSpawnRateScale:1.0]]
[2020.12.13-10.59.52:989][  0]LogConfig: Setting CVar [[r.ParticleLightQuality:2]]
[2020.12.13-10.59.52:989][  0]LogConfig: Setting CVar [[r.SkyAtmosphere.AerialPerspectiveLUT.FastApplyOnOpaque:1 ; Always have FastSkyLUT 1 in this case to avoid wrong sky]]
[2020.12.13-10.59.52:989][  0]LogConfig: Setting CVar [[r.SkyAtmosphere.AerialPerspectiveLUT.SampleCountPerSlice:1]]
[2020.12.13-10.59.52:989][  0]LogConfig: Setting CVar [[r.SkyAtmosphere.AerialPerspectiveLUT.DepthResolution:16.0]]
[2020.12.13-10.59.52:989][  0]LogConfig: Setting CVar [[r.SkyAtmosphere.FastSkyLUT:1]]
[2020.12.13-10.59.52:989][  0]LogConfig: Setting CVar [[r.SkyAtmosphere.FastSkyLUT.SampleCountMin:4.0]]
[2020.12.13-10.59.52:989][  0]LogConfig: Setting CVar [[r.SkyAtmosphere.FastSkyLUT.SampleCountMax:32.0]]
[2020.12.13-10.59.52:989][  0]LogConfig: Setting CVar [[r.SkyAtmosphere.SampleCountMin:4.0]]
[2020.12.13-10.59.52:989][  0]LogConfig: Setting CVar [[r.SkyAtmosphere.SampleCountMax:32.0]]
[2020.12.13-10.59.52:989][  0]LogConfig: Setting CVar [[r.SkyAtmosphere.TransmittanceLUT.UseSmallFormat:0]]
[2020.12.13-10.59.52:989][  0]LogConfig: Setting CVar [[r.SkyAtmosphere.TransmittanceLUT.SampleCount:10.0]]
[2020.12.13-10.59.52:989][  0]LogConfig: Setting CVar [[r.SkyAtmosphere.MultiScatteringLUT.SampleCount:15.0]]
[2020.12.13-10.59.52:990][  0]LogConfig: Applying CVar settings from Section [FoliageQuality@3] File [D:/GEDFinal/Game_Engine_Final/ThirdPersontry/Saved/Config/Windows/Scalability.ini]
[2020.12.13-10.59.52:990][  0]LogConfig: Setting CVar [[foliage.DensityScale:1.0]]
[2020.12.13-10.59.52:990][  0]LogConfig: Setting CVar [[grass.DensityScale:1.0]]
[2020.12.13-10.59.52:990][  0]LogConfig: Applying CVar settings from Section [ShadingQuality@3] File [D:/GEDFinal/Game_Engine_Final/ThirdPersontry/Saved/Config/Windows/Scalability.ini]
[2020.12.13-10.59.52:990][  0]LogConfig: Setting CVar [[r.HairStrands.SkyLighting.SampleCount:16]]
[2020.12.13-10.59.52:990][  0]LogConfig: Setting CVar [[r.HairStrands.SkyLighting.JitterIntegration:0]]
[2020.12.13-10.59.52:990][  0]LogConfig: Setting CVar [[r.HairStrands.SkyAO.SampleCount:16]]
[2020.12.13-10.59.52:990][  0]LogConfig: Setting CVar [[r.HairStrands.DeepShadow.SuperSampling:0]]
[2020.12.13-10.59.52:990][  0]LogConfig: Setting CVar [[r.HairStrands.VisibilityPPLL:0]]
[2020.12.13-10.59.52:990][  0]LogConfig: Setting CVar [[r.HairStrands.RasterizationScale:0.5]]
[2020.12.13-10.59.52:990][  0]LogConfig: Setting CVar [[r.HairStrands.VelocityRasterizationScale:1]]
[2020.12.13-10.59.52:990][  0]LogInit: Selected Device Profile: [Windows]
[2020.12.13-10.59.52:990][  0]LogInit: Applying CVar settings loaded from the selected device profile: [Windows]
[2020.12.13-10.59.52:990][  0]LogHAL: Display: Platform has ~ 16 GB [17095811072 / 17179869184 / 16], which maps to Larger [LargestMinGB=32, LargerMinGB=12, DefaultMinGB=8, SmallerMinGB=6, SmallestMinGB=0)
[2020.12.13-10.59.52:990][  0]LogInit: Going up to parent DeviceProfile []
[2020.12.13-10.59.52:990][  0]LogConfig: Applying CVar settings from Section [ViewDistanceQuality@3] File [D:/GEDFinal/Game_Engine_Final/ThirdPersontry/Saved/Config/Windows/Scalability.ini]
[2020.12.13-10.59.52:990][  0]LogConfig: Setting CVar [[r.SkeletalMeshLODBias:0]]
[2020.12.13-10.59.52:990][  0]LogConfig: Setting CVar [[r.ViewDistanceScale:1.0]]
[2020.12.13-10.59.52:990][  0]LogConfig: Applying CVar settings from Section [AntiAliasingQuality@3] File [D:/GEDFinal/Game_Engine_Final/ThirdPersontry/Saved/Config/Windows/Scalability.ini]
[2020.12.13-10.59.52:990][  0]LogConfig: Setting CVar [[r.PostProcessAAQuality:4]]
[2020.12.13-10.59.52:990][  0]LogConfig: Applying CVar settings from Section [ShadowQuality@3] File [D:/GEDFinal/Game_Engine_Final/ThirdPersontry/Saved/Config/Windows/Scalability.ini]
[2020.12.13-10.59.52:990][  0]LogConfig: Setting CVar [[r.LightFunctionQuality:1]]
[2020.12.13-10.59.52:990][  0]LogConfig: Setting CVar [[r.ShadowQuality:5]]
[2020.12.13-10.59.52:990][  0]LogConfig: Setting CVar [[r.Shadow.CSM.MaxCascades:10]]
[2020.12.13-10.59.52:990][  0]LogConfig: Setting CVar [[r.Shadow.MaxResolution:2048]]
[2020.12.13-10.59.52:990][  0]LogConfig: Setting CVar [[r.Shadow.MaxCSMResolution:2048]]
[2020.12.13-10.59.52:990][  0]LogConfig: Setting CVar [[r.Shadow.RadiusThreshold:0.01]]
[2020.12.13-10.59.52:990][  0]LogConfig: Setting CVar [[r.Shadow.DistanceScale:1.0]]
[2020.12.13-10.59.52:990][  0]LogConfig: Setting CVar [[r.Shadow.CSM.TransitionScale:1.0]]
[2020.12.13-10.59.52:990][  0]LogConfig: Setting CVar [[r.Shadow.PreShadowResolutionFactor:1.0]]
[2020.12.13-10.59.52:990][  0]LogConfig: Setting CVar [[r.DistanceFieldShadowing:1]]
[2020.12.13-10.59.52:990][  0]LogConfig: Setting CVar [[r.DistanceFieldAO:1]]
[2020.12.13-10.59.52:990][  0]LogConfig: Setting CVar [[r.AOQuality:2]]
[2020.12.13-10.59.52:990][  0]LogConfig: Setting CVar [[r.VolumetricFog:1]]
[2020.12.13-10.59.52:990][  0]LogConfig: Setting CVar [[r.VolumetricFog.GridPixelSize:8]]
[2020.12.13-10.59.52:990][  0]LogConfig: Setting CVar [[r.VolumetricFog.GridSizeZ:128]]
[2020.12.13-10.59.52:990][  0]LogConfig: Setting CVar [[r.VolumetricFog.HistoryMissSupersampleCount:4]]
[2020.12.13-10.59.52:990][  0]LogConfig: Setting CVar [[r.LightMaxDrawDistanceScale:1]]
[2020.12.13-10.59.52:991][  0]LogConfig: Setting CVar [[r.CapsuleShadows:1]]
[2020.12.13-10.59.52:991][  0]LogConfig: Applying CVar settings from Section [PostProcessQuality@3] File [D:/GEDFinal/Game_Engine_Final/ThirdPersontry/Saved/Config/Windows/Scalability.ini]
[2020.12.13-10.59.52:991][  0]LogConfig: Setting CVar [[r.MotionBlurQuality:4]]
[2020.12.13-10.59.52:991][  0]LogConfig: Setting CVar [[r.AmbientOcclusionMipLevelFactor:0.4]]
[2020.12.13-10.59.52:991][  0]LogConfig: Setting CVar [[r.AmbientOcclusionMaxQuality:100]]
[2020.12.13-10.59.52:991][  0]LogConfig: Setting CVar [[r.AmbientOcclusionLevels:-1]]
[2020.12.13-10.59.52:991][  0]LogConfig: Setting CVar [[r.AmbientOcclusionRadiusScale:1.0]]
[2020.12.13-10.59.52:991][  0]LogConfig: Setting CVar [[r.DepthOfFieldQuality:2]]
[2020.12.13-10.59.52:991][  0]LogConfig: Setting CVar [[r.RenderTargetPoolMin:400]]
[2020.12.13-10.59.52:991][  0]LogConfig: Setting CVar [[r.LensFlareQuality:2]]
[2020.12.13-10.59.52:991][  0]LogConfig: Setting CVar [[r.SceneColorFringeQuality:1]]
[2020.12.13-10.59.52:991][  0]LogConfig: Setting CVar [[r.EyeAdaptationQuality:2]]
[2020.12.13-10.59.52:991][  0]LogConfig: Setting CVar [[r.BloomQuality:5]]
[2020.12.13-10.59.52:991][  0]LogConfig: Setting CVar [[r.FastBlurThreshold:100]]
[2020.12.13-10.59.52:991][  0]LogConfig: Setting CVar [[r.Upscale.Quality:3]]
[2020.12.13-10.59.52:991][  0]LogConfig: Setting CVar [[r.Tonemapper.GrainQuantization:1]]
[2020.12.13-10.59.52:991][  0]LogConfig: Setting CVar [[r.LightShaftQuality:1]]
[2020.12.13-10.59.52:991][  0]LogConfig: Setting CVar [[r.Filter.SizeScale:1]]
[2020.12.13-10.59.52:991][  0]LogConfig: Setting CVar [[r.Tonemapper.Quality:5]]
[2020.12.13-10.59.52:991][  0]LogConfig: Setting CVar [[r.DOF.Gather.AccumulatorQuality:1        ; higher gathering accumulator quality]]
[2020.12.13-10.59.52:991][  0]LogConfig: Setting CVar [[r.DOF.Gather.PostfilterMethod:1          ; Median3x3 postfilering method]]
[2020.12.13-10.59.52:991][  0]LogConfig: Setting CVar [[r.DOF.Gather.EnableBokehSettings:0       ; no bokeh simulation when gathering]]
[2020.12.13-10.59.52:991][  0]LogConfig: Setting CVar [[r.DOF.Gather.RingCount:4                 ; medium number of samples when gathering]]
[2020.12.13-10.59.52:991][  0]LogConfig: Setting CVar [[r.DOF.Scatter.ForegroundCompositing:1    ; additive foreground scattering]]
[2020.12.13-10.59.52:991][  0]LogConfig: Setting CVar [[r.DOF.Scatter.BackgroundCompositing:2    ; additive background scattering]]
[2020.12.13-10.59.52:991][  0]LogConfig: Setting CVar [[r.DOF.Scatter.EnableBokehSettings:1      ; bokeh simulation when scattering]]
[2020.12.13-10.59.52:991][  0]LogConfig: Setting CVar [[r.DOF.Scatter.MaxSpriteRatio:0.1         ; only a maximum of 10% of scattered bokeh]]
[2020.12.13-10.59.52:991][  0]LogConfig: Setting CVar [[r.DOF.Recombine.Quality:1                ; cheap slight out of focus]]
[2020.12.13-10.59.52:991][  0]LogConfig: Setting CVar [[r.DOF.Recombine.EnableBokehSettings:0    ; no bokeh simulation on slight out of focus]]
[2020.12.13-10.59.52:991][  0]LogConfig: Setting CVar [[r.DOF.TemporalAAQuality:1                ; more stable temporal accumulation]]
[2020.12.13-10.59.52:991][  0]LogConfig: Setting CVar [[r.DOF.Kernel.MaxForegroundRadius:0.025]]
[2020.12.13-10.59.52:991][  0]LogConfig: Setting CVar [[r.DOF.Kernel.MaxBackgroundRadius:0.025]]
[2020.12.13-10.59.52:991][  0]LogConfig: Applying CVar settings from Section [TextureQuality@3] File [D:/GEDFinal/Game_Engine_Final/ThirdPersontry/Saved/Config/Windows/Scalability.ini]
[2020.12.13-10.59.52:991][  0]LogConfig: Setting CVar [[r.Streaming.MipBias:0]]
[2020.12.13-10.59.52:991][  0]LogConfig: Setting CVar [[r.Streaming.AmortizeCPUToGPUCopy:0]]
[2020.12.13-10.59.52:991][  0]LogConfig: Setting CVar [[r.Streaming.MaxNumTexturesToStreamPerFrame:0]]
[2020.12.13-10.59.52:991][  0]LogConfig: Setting CVar [[r.Streaming.Boost:1]]
[2020.12.13-10.59.52:991][  0]LogConfig: Setting CVar [[r.MaxAnisotropy:8]]
[2020.12.13-10.59.52:991][  0]LogConfig: Setting CVar [[r.VT.MaxAnisotropy:8]]
[2020.12.13-10.59.52:991][  0]LogConfig: Setting CVar [[r.Streaming.LimitPoolSizeToVRAM:0]]
[2020.12.13-10.59.52:991][  0]LogConfig: Setting CVar [[r.Streaming.PoolSize:1000]]
[2020.12.13-10.59.52:992][  0]LogConfig: Setting CVar [[r.Streaming.MaxEffectiveScreenSize:0]]
[2020.12.13-10.59.52:992][  0]LogConfig: Applying CVar settings from Section [EffectsQuality@3] File [D:/GEDFinal/Game_Engine_Final/ThirdPersontry/Saved/Config/Windows/Scalability.ini]
[2020.12.13-10.59.52:992][  0]LogConfig: Setting CVar [[r.TranslucencyLightingVolumeDim:64]]
[2020.12.13-10.59.52:992][  0]LogConfig: Setting CVar [[r.RefractionQuality:2]]
[2020.12.13-10.59.52:992][  0]LogConfig: Setting CVar [[r.SSR.Quality:3]]
[2020.12.13-10.59.52:992][  0]LogConfig: Setting CVar [[r.SSR.HalfResSceneColor:0]]
[2020.12.13-10.59.52:992][  0]LogConfig: Setting CVar [[r.SceneColorFormat:4]]
[2020.12.13-10.59.52:992][  0]LogConfig: Setting CVar [[r.DetailMode:2]]
[2020.12.13-10.59.52:992][  0]LogConfig: Setting CVar [[r.TranslucencyVolumeBlur:1]]
[2020.12.13-10.59.52:992][  0]LogConfig: Setting CVar [[r.MaterialQualityLevel:1 ; High quality]]
[2020.12.13-10.59.52:992][  0]LogConfig: Setting CVar [[r.SSS.Scale:1]]
[2020.12.13-10.59.52:992][  0]LogConfig: Setting CVar [[r.SSS.SampleSet:2]]
[2020.12.13-10.59.52:992][  0]LogConfig: Setting CVar [[r.SSS.Quality:1]]
[2020.12.13-10.59.52:992][  0]LogConfig: Setting CVar [[r.SSS.HalfRes:0]]
[2020.12.13-10.59.52:992][  0]LogConfig: Setting CVar [[r.SSGI.Quality:3]]
[2020.12.13-10.59.52:992][  0]LogConfig: Setting CVar [[r.EmitterSpawnRateScale:1.0]]
[2020.12.13-10.59.52:992][  0]LogConfig: Setting CVar [[r.ParticleLightQuality:2]]
[2020.12.13-10.59.52:992][  0]LogConfig: Setting CVar [[r.SkyAtmosphere.AerialPerspectiveLUT.FastApplyOnOpaque:1 ; Always have FastSkyLUT 1 in this case to avoid wrong sky]]
[2020.12.13-10.59.52:992][  0]LogConfig: Setting CVar [[r.SkyAtmosphere.AerialPerspectiveLUT.SampleCountPerSlice:1]]
[2020.12.13-10.59.52:992][  0]LogConfig: Setting CVar [[r.SkyAtmosphere.AerialPerspectiveLUT.DepthResolution:16.0]]
[2020.12.13-10.59.52:992][  0]LogConfig: Setting CVar [[r.SkyAtmosphere.FastSkyLUT:1]]
[2020.12.13-10.59.52:992][  0]LogConfig: Setting CVar [[r.SkyAtmosphere.FastSkyLUT.SampleCountMin:4.0]]
[2020.12.13-10.59.52:992][  0]LogConfig: Setting CVar [[r.SkyAtmosphere.FastSkyLUT.SampleCountMax:32.0]]
[2020.12.13-10.59.52:992][  0]LogConfig: Setting CVar [[r.SkyAtmosphere.SampleCountMin:4.0]]
[2020.12.13-10.59.52:992][  0]LogConfig: Setting CVar [[r.SkyAtmosphere.SampleCountMax:32.0]]
[2020.12.13-10.59.52:992][  0]LogConfig: Setting CVar [[r.SkyAtmosphere.TransmittanceLUT.UseSmallFormat:0]]
[2020.12.13-10.59.52:992][  0]LogConfig: Setting CVar [[r.SkyAtmosphere.TransmittanceLUT.SampleCount:10.0]]
[2020.12.13-10.59.52:992][  0]LogConfig: Setting CVar [[r.SkyAtmosphere.MultiScatteringLUT.SampleCount:15.0]]
[2020.12.13-10.59.52:992][  0]LogConfig: Applying CVar settings from Section [FoliageQuality@3] File [D:/GEDFinal/Game_Engine_Final/ThirdPersontry/Saved/Config/Windows/Scalability.ini]
[2020.12.13-10.59.52:992][  0]LogConfig: Setting CVar [[foliage.DensityScale:1.0]]
[2020.12.13-10.59.52:992][  0]LogConfig: Setting CVar [[grass.DensityScale:1.0]]
[2020.12.13-10.59.52:992][  0]LogConfig: Applying CVar settings from Section [ShadingQuality@3] File [D:/GEDFinal/Game_Engine_Final/ThirdPersontry/Saved/Config/Windows/Scalability.ini]
[2020.12.13-10.59.52:992][  0]LogConfig: Setting CVar [[r.HairStrands.SkyLighting.SampleCount:16]]
[2020.12.13-10.59.52:992][  0]LogConfig: Setting CVar [[r.HairStrands.SkyLighting.JitterIntegration:0]]
[2020.12.13-10.59.52:992][  0]LogConfig: Setting CVar [[r.HairStrands.SkyAO.SampleCount:16]]
[2020.12.13-10.59.52:992][  0]LogConfig: Setting CVar [[r.HairStrands.DeepShadow.SuperSampling:0]]
[2020.12.13-10.59.52:992][  0]LogConfig: Setting CVar [[r.HairStrands.VisibilityPPLL:0]]
[2020.12.13-10.59.52:992][  0]LogConfig: Setting CVar [[r.HairStrands.RasterizationScale:0.5]]
[2020.12.13-10.59.52:992][  0]LogConfig: Setting CVar [[r.HairStrands.VelocityRasterizationScale:1]]
[2020.12.13-10.59.52:993][  0]LogConfig: Applying CVar settings from Section [Startup] File [../../../Engine/Config/ConsoleVariables.ini]
[2020.12.13-10.59.52:993][  0]LogConfig: Setting CVar [[net.UseAdaptiveNetUpdateFrequency:0]]
[2020.12.13-10.59.52:993][  0]LogConfig: Setting CVar [[p.chaos.AllowCreatePhysxBodies:1]]
[2020.12.13-10.59.52:993][  0]LogConfig: Setting CVar [[fx.SkipVectorVMBackendOptimizations:1]]
[2020.12.13-10.59.52:993][  0]LogConfig: Applying CVar settings from Section [ConsoleVariables] File [D:/GEDFinal/Game_Engine_Final/ThirdPersontry/Saved/Config/Windows/Engine.ini]
[2020.12.13-10.59.52:993][  0]LogInit: Computer: MSI
[2020.12.13-10.59.52:993][  0]LogInit: User: Zyden
[2020.12.13-10.59.52:993][  0]LogInit: CPU Page size=4096, Cores=4
[2020.12.13-10.59.52:993][  0]LogInit: High frequency timer resolution =10.000000 MHz
[2020.12.13-10.59.52:993][  0]LogMemory: Memory total: Physical=15.9GB (16GB approx)
[2020.12.13-10.59.52:993][  0]LogMemory: Platform Memory Stats for Windows
[2020.12.13-10.59.52:993][  0]LogMemory: Process Physical Memory: 113.80 MB used, 113.80 MB peak
[2020.12.13-10.59.52:993][  0]LogMemory: Process Virtual Memory: 96.21 MB used, 96.22 MB peak
[2020.12.13-10.59.52:993][  0]LogMemory: Physical Memory: 8651.93 MB used,  7651.91 MB free, 16303.84 MB total
[2020.12.13-10.59.52:993][  0]LogMemory: Virtual Memory: 5108.80 MB used,  134212616.00 MB free, 134217728.00 MB total
[2020.12.13-10.59.53:002][  0]LogWindows: WindowsPlatformFeatures enabled
[2020.12.13-10.59.53:070][  0]LogInit: Physics initialised using underlying interface: PhysX
[2020.12.13-10.59.53:071][  0]LogInit: Using OS detected language (en-US).
[2020.12.13-10.59.53:071][  0]LogInit: Using OS detected locale (en-MY).
[2020.12.13-10.59.53:072][  0]LogTextLocalizationManager: No specific localization for 'en-US' exists, so the 'en' localization will be used.
[2020.12.13-10.59.53:354][  0]LogSlate: New Slate User Created.  User Index 0, Is Virtual User: 0
[2020.12.13-10.59.53:354][  0]LogSlate: Slate User Registered.  User Index 0, Is Virtual User: 0
[2020.12.13-10.59.53:645][  0]LogHMD: Failed to initialize OpenVR with code 110
[2020.12.13-10.59.53:645][  0]LogD3D11RHI: D3D11 min allowed feature level: 11_0
[2020.12.13-10.59.53:645][  0]LogD3D11RHI: D3D11 max allowed feature level: 11_0
[2020.12.13-10.59.53:645][  0]LogD3D11RHI: D3D11 adapters:
[2020.12.13-10.59.53:745][  0]LogD3D11RHI:    0. 'NVIDIA GeForce GTX 1050 Ti' (Feature Level 11_0)
[2020.12.13-10.59.53:745][  0]LogD3D11RHI:       4021/0/8151 MB DedicatedVideo/DedicatedSystem/SharedSystem, Outputs:1, VendorId:0x10de
[2020.12.13-10.59.53:758][  0]LogD3D11RHI:    1. 'Intel(R) HD Graphics 630' (Feature Level 11_0)
[2020.12.13-10.59.53:758][  0]LogD3D11RHI:       128/0/8151 MB DedicatedVideo/DedicatedSystem/SharedSystem, Outputs:0, VendorId:0x8086
[2020.12.13-10.59.53:761][  0]LogD3D11RHI:    2. 'Microsoft Basic Render Driver' (Feature Level 11_0)
[2020.12.13-10.59.53:762][  0]LogD3D11RHI:       0/0/8151 MB DedicatedVideo/DedicatedSystem/SharedSystem, Outputs:0, VendorId:0x1414
[2020.12.13-10.59.53:762][  0]LogD3D11RHI: Chosen D3D11 Adapter: 0
[2020.12.13-10.59.53:769][  0]LogD3D11RHI: Creating new Direct3DDevice
[2020.12.13-10.59.53:769][  0]LogD3D11RHI:     GPU DeviceId: 0x1c8c (for the marketing name, search the web for "GPU Device Id")
[2020.12.13-10.59.53:769][  0]LogWindows: EnumDisplayDevices:
[2020.12.13-10.59.53:770][  0]LogWindows:    0. 'Intel(R) HD Graphics 630' (P:1 D:1)
[2020.12.13-10.59.53:770][  0]LogWindows:    1. 'Intel(R) HD Graphics 630' (P:0 D:0)
[2020.12.13-10.59.53:771][  0]LogWindows:    2. 'Intel(R) HD Graphics 630' (P:0 D:0)
[2020.12.13-10.59.53:771][  0]LogWindows: DebugString: PrimaryIsNotTheChoosenAdapter PrimaryIsNotTheChoosenAdapter PrimaryIsNotTheChoosenAdapter FoundDriverCount:0 
[2020.12.13-10.59.53:771][  0]LogD3D11RHI:     Adapter Name: NVIDIA GeForce GTX 1050 Ti
[2020.12.13-10.59.53:771][  0]LogD3D11RHI:   Driver Version: Unknown (internal:Unknown, unified:Unknown)
[2020.12.13-10.59.53:771][  0]LogD3D11RHI:      Driver Date: Unknown
[2020.12.13-10.59.53:772][  0]LogRHI: Texture pool is 2814 MB (70% of 4021 MB)
[2020.12.13-10.59.53:843][  0]LogD3D11RHI: RHI has support for 64 bit atomics
[2020.12.13-10.59.53:847][  0]LogD3D11RHI: [Aftermath] Enabled and primed
[2020.12.13-10.59.53:847][  0]LogD3D11RHI: Async texture creation enabled
[2020.12.13-10.59.53:847][  0]LogD3D11RHI: Array index from any shader is supported
[2020.12.13-10.59.53:883][  0]LogD3D11RHI: GPU Timing Frequency: 1000.000000 (Debug: 2 1)
[2020.12.13-10.59.54:399][  0]LogTargetPlatformManager: Display: Loaded TargetPlatform 'AllDesktop'
[2020.12.13-10.59.54:426][  0]LogTargetPlatformManager: Display: Loaded TargetPlatform 'Android'
[2020.12.13-10.59.54:426][  0]LogTargetPlatformManager: Display: Loaded TargetPlatform 'Android_ASTC'
[2020.12.13-10.59.54:426][  0]LogTargetPlatformManager: Display: Loaded TargetPlatform 'Android_DXT'
[2020.12.13-10.59.54:426][  0]LogTargetPlatformManager: Display: Loaded TargetPlatform 'Android_ETC2'
[2020.12.13-10.59.54:426][  0]LogTargetPlatformManager: Display: Loaded TargetPlatform 'AndroidClient'
[2020.12.13-10.59.54:426][  0]LogTargetPlatformManager: Display: Loaded TargetPlatform 'Android_ASTCClient'
[2020.12.13-10.59.54:426][  0]LogTargetPlatformManager: Display: Loaded TargetPlatform 'Android_DXTClient'
[2020.12.13-10.59.54:426][  0]LogTargetPlatformManager: Display: Loaded TargetPlatform 'Android_ETC2Client'
[2020.12.13-10.59.54:426][  0]LogTargetPlatformManager: Display: Loaded TargetPlatform 'Android_Multi'
[2020.12.13-10.59.54:426][  0]LogTargetPlatformManager: Display: Loaded TargetPlatform 'Android_MultiClient'
[2020.12.13-10.59.54:456][  0]LogTargetPlatformManager: Display: Loaded TargetPlatform 'IOSClient'
[2020.12.13-10.59.54:456][  0]LogTargetPlatformManager: Display: Loaded TargetPlatform 'IOS'
[2020.12.13-10.59.54:469][  0]LogTargetPlatformManager: Display: Loaded TargetPlatform 'Linux'
[2020.12.13-10.59.54:480][  0]LogTargetPlatformManager: Display: Loaded TargetPlatform 'LinuxNoEditor'
[2020.12.13-10.59.54:492][  0]LogTargetPlatformManager: Display: Loaded TargetPlatform 'LinuxClient'
[2020.12.13-10.59.54:503][  0]LogTargetPlatformManager: Display: Loaded TargetPlatform 'LinuxServer'
[2020.12.13-10.59.54:514][  0]LogTargetPlatformManager: Display: Loaded TargetPlatform 'LinuxAArch64NoEditor'
[2020.12.13-10.59.54:526][  0]LogTargetPlatformManager: Display: Loaded TargetPlatform 'LinuxAArch64Client'
[2020.12.13-10.59.54:537][  0]LogTargetPlatformManager: Display: Loaded TargetPlatform 'LinuxAArch64Server'
[2020.12.13-10.59.54:569][  0]LogTargetPlatformManager: Display: Loaded TargetPlatform 'Lumin'
[2020.12.13-10.59.54:569][  0]LogTargetPlatformManager: Display: Loaded TargetPlatform 'LuminClient'
[2020.12.13-10.59.54:588][  0]LogTargetPlatformManager: Display: Loaded TargetPlatform 'TVOSClient'
[2020.12.13-10.59.54:588][  0]LogTargetPlatformManager: Display: Loaded TargetPlatform 'TVOS'
[2020.12.13-10.59.54:599][  0]LogTargetPlatformManager: Display: Loaded TargetPlatform 'WindowsNoEditor'
[2020.12.13-10.59.54:611][  0]LogTargetPlatformManager: Display: Loaded TargetPlatform 'Windows'
[2020.12.13-10.59.54:622][  0]LogTargetPlatformManager: Display: Loaded TargetPlatform 'WindowsClient'
[2020.12.13-10.59.54:633][  0]LogTargetPlatformManager: Display: Loaded TargetPlatform 'WindowsServer'
[2020.12.13-10.59.54:633][  0]LogTargetPlatformManager: Display: Building Assets For Windows
[2020.12.13-10.59.54:642][  0]LogAudioDebug: Display: Lib vorbis DLL was dynamically loaded.
[2020.12.13-10.59.54:711][  0]LogShaderCompilers: Guid format shader working directory is -10 characters bigger than the processId version (../../../../../GEDFinal/Game_Engine_Final/ThirdPersontry/Intermediate/Shaders/WorkingDirectory/8960/).
[2020.12.13-10.59.54:712][  0]LogShaderCompilers: Cleaned the shader compiler working directory 'C:/Users/Zyden/AppData/Local/Temp/UnrealShaderWorkingDir/AD3D6AEE47FBB5740096B09EB1492683/'.
[2020.12.13-10.59.54:712][  0]LogXGEController: Cannot use XGE Controller as Incredibuild is not installed on this machine.
[2020.12.13-10.59.54:712][  0]LogShaderCompilers: Cannot use XGE Shader Compiler as Incredibuild is not installed on this machine.
[2020.12.13-10.59.54:712][  0]LogShaderCompilers: Display: Using Local Shader Compiler.
[2020.12.13-10.59.55:737][  0]LogDerivedDataCache: Display: Max Cache Size: 512 MB
[2020.12.13-10.59.55:797][  0]LogDerivedDataCache: Loaded boot cache 0.06s 75MB C:/Users/Zyden/AppData/Local/UnrealEngine/4.25/DerivedDataCache/Boot.ddc.
[2020.12.13-10.59.55:797][  0]LogDerivedDataCache: Display: Loaded Boot cache: C:/Users/Zyden/AppData/Local/UnrealEngine/4.25/DerivedDataCache/Boot.ddc
[2020.12.13-10.59.55:797][  0]LogDerivedDataCache: FDerivedDataBackendGraph:  Pak pak cache file ../../../../../GEDFinal/Game_Engine_Final/ThirdPersontry/DerivedDataCache/DDC.ddp not found, will not use a pak cache.
[2020.12.13-10.59.55:797][  0]LogDerivedDataCache: Unable to find inner node Pak for hierarchical cache Hierarchy.
[2020.12.13-10.59.55:797][  0]LogDerivedDataCache: FDerivedDataBackendGraph:  CompressedPak pak cache file ../../../../../GEDFinal/Game_Engine_Final/ThirdPersontry/DerivedDataCache/Compressed.ddp not found, will not use a pak cache.
[2020.12.13-10.59.55:797][  0]LogDerivedDataCache: Unable to find inner node CompressedPak for hierarchical cache Hierarchy.
[2020.12.13-10.59.55:809][  0]LogDerivedDataCache: Display: Pak cache opened for reading ../../../Engine/DerivedDataCache/Compressed.ddp.
[2020.12.13-10.59.55:809][  0]LogDerivedDataCache: FDerivedDataBackendGraph:  EnterprisePak pak cache file ../../../Enterprise/DerivedDataCache/Compressed.ddp not found, will not use a pak cache.
[2020.12.13-10.59.55:809][  0]LogDerivedDataCache: Unable to find inner node EnterprisePak for hierarchical cache Hierarchy.
[2020.12.13-10.59.55:811][  0]LogDerivedDataCache: Using Local data cache path C:/Users/Zyden/AppData/Local/UnrealEngine/Common/DerivedDataCache: Writable
[2020.12.13-10.59.55:811][  0]LogDerivedDataCache: Shared data cache path not found in *engine.ini, will not use an Shared cache.
[2020.12.13-10.59.55:811][  0]LogDerivedDataCache: Unable to find inner node Shared for hierarchical cache Hierarchy.
[2020.12.13-10.59.55:888][  0]LogSlate: Using FreeType 2.10.0
[2020.12.13-10.59.55:888][  0]LogSlate: SlateFontServices - WITH_FREETYPE: 1, WITH_HARFBUZZ: 1
[2020.12.13-10.59.55:922][  0]LogAssetRegistry: FAssetRegistry took 0.0032 seconds to start up
[2020.12.13-10.59.56:203][  0]LogInit: Selected Device Profile: [Windows]
[2020.12.13-10.59.56:332][  0]LogMeshReduction: Using QuadricMeshReduction for automatic static mesh reduction
[2020.12.13-10.59.56:333][  0]LogMeshReduction: Using SimplygonMeshReduction for automatic skeletal mesh reduction
[2020.12.13-10.59.56:333][  0]LogMeshReduction: Using ProxyLODMeshReduction for automatic mesh merging
[2020.12.13-10.59.56:333][  0]LogMeshReduction: No distributed automatic mesh merging module available
[2020.12.13-10.59.56:333][  0]LogMeshMerging: No distributed automatic mesh merging module available
[2020.12.13-10.59.56:350][  0]LogNetVersion: ThirdPersontry 1.0.0, NetCL: 13144385, EngineNetVer: 14, GameNetVer: 0 (Checksum: 2063201038)
[2020.12.13-10.59.56:844][  0]LogAISub: UAISubsystem::UAISubsystem AISubsystem (000001F806A89CC0), frame # 0
[2020.12.13-10.59.56:844][  0]LogAISub: UAISubsystem::UAISubsystem AIPerceptionSystem (000001F806A04540), frame # 0
[2020.12.13-10.59.56:845][  0]LogAISub: UAISubsystem::UAISubsystem EnvQueryManager (000001F806A31E00), frame # 0
[2020.12.13-10.59.56:883][  0]LogPackageLocalizationCache: Processed 19 localized package path(s) for 1 prioritized culture(s) in 0.031359 seconds
[2020.12.13-10.59.56:889][  0]LogUObjectArray: 15913 objects as part of root set at end of initial load.
[2020.12.13-10.59.56:889][  0]LogUObjectAllocator: 3964304 out of 0 bytes used by permanent object pool.
[2020.12.13-10.59.56:889][  0]LogUObjectArray: CloseDisregardForGC: 0/0 objects in disregard for GC pool
[2020.12.13-10.59.57:274][  0]LogTcpMessaging: Initializing TcpMessaging bridge
[2020.12.13-10.59.57:280][  0]LogUdpMessaging: Initializing bridge on interface 0.0.0.0:0 to multicast group 230.0.0.1:6666.
[2020.12.13-10.59.57:374][  0]SourceControl: Source control is disabled
[2020.12.13-10.59.57:374][  0]SourceControl: Source control is disabled
[2020.12.13-10.59.57:378][  0]SourceControl: Source control is disabled
[2020.12.13-10.59.57:381][  0]SourceControl: Source control is disabled
[2020.12.13-10.59.57:391][  0]SourceControl: Source control is disabled
[2020.12.13-10.59.57:675][  0]LogAndroidPermission: UAndroidPermissionCallbackProxy::GetInstance
[2020.12.13-10.59.57:700][  0]LogAudioCaptureCore: Display: No Audio Capture implementations found. Audio input will be silent.
[2020.12.13-10.59.57:700][  0]LogAudioCaptureCore: Display: No Audio Capture implementations found. Audio input will be silent.
[2020.12.13-10.59.57:759][  0]LogOcInput: OculusInput pre-init called
[2020.12.13-10.59.57:771][  0]LogWindows: Failed to load 'OVRPlugin.dll' (GetLastError=126)
[2020.12.13-10.59.57:771][  0]LogWindows: File 'OVRPlugin.dll' does not exist
[2020.12.13-10.59.57:848][  0]LogEngine: Initializing Engine...
[2020.12.13-10.59.57:850][  0]LogHMD: Failed to initialize OpenVR with code 110
[2020.12.13-10.59.57:850][  0]LogMagicLeap: Warning: VR disabled because ZI is not enabled.  To enable, in the editor, Edit -> Project Settings -> Plugins -> Magic Leap Plugin -> Enable Zero Iteration
[2020.12.13-10.59.57:851][  0]LogStats: UGameplayTagsManager::InitializeManager -  0.000 s
[2020.12.13-10.59.58:018][  0]LogInit: Initializing FReadOnlyCVARCache
[2020.12.13-10.59.58:026][  0]LogAIModule: Creating AISystem for world Untitled
[2020.12.13-10.59.58:026][  0]LogAISub: UAISubsystem::UAISubsystem EnvQueryManager (000001F809E68600), frame # 0
[2020.12.13-10.59.58:026][  0]LogAISub: UAISubsystem::UAISubsystem AIPerceptionSystem (000001F809E84B80), frame # 0
[2020.12.13-10.59.58:032][  0]LogAudioMixer: Display: Audio Mixer Platform Settings:
[2020.12.13-10.59.58:032][  0]LogAudioMixer: Display: 	Sample Rate:						  48000
[2020.12.13-10.59.58:032][  0]LogAudioMixer: Display: 	Callback Buffer Frame Size Requested: 1024
[2020.12.13-10.59.58:032][  0]LogAudioMixer: Display: 	Callback Buffer Frame Size To Use:	  1024
[2020.12.13-10.59.58:032][  0]LogAudioMixer: Display: 	Number of buffers to queue:			  2
[2020.12.13-10.59.58:032][  0]LogAudioMixer: Display: 	Max Channels (voices):				  32
[2020.12.13-10.59.58:032][  0]LogAudioMixer: Display: 	Number of Async Source Workers:		  0
[2020.12.13-10.59.58:032][  0]LogAudio: Display: AudioDevice MaxSources: 32
[2020.12.13-10.59.58:033][  0]LogAudio: Display: Using built-in audio occlusion.
[2020.12.13-10.59.58:033][  0]LogAudioMixer: Display: Initializing audio mixer.
[2020.12.13-10.59.58:064][  0]LogAudioMixer: Display: 0: FrontLeft
[2020.12.13-10.59.58:064][  0]LogAudioMixer: Display: 1: FrontRight
[2020.12.13-10.59.58:155][  0]LogAudioMixer: Display: Using Audio Device Speakers (Realtek High Definition Audio)
[2020.12.13-10.59.58:155][  0]LogAudioMixer: Display: Initializing Sound Submixes...
[2020.12.13-10.59.58:158][  0]LogAudioMixer: Display: Creating Master Submix 'MasterSubmixDefault'
[2020.12.13-10.59.58:158][  0]LogAudioMixer: Display: Creating Master Submix 'MasterReverbSubmixDefault'
[2020.12.13-10.59.58:159][  0]LogAudioMixer: Display: Creating Master Submix 'MasterEQSubmixDefault'
[2020.12.13-10.59.58:160][  0]LogInit: FAudioDevice initialized.
[2020.12.13-10.59.58:161][  0]LogNetVersion: Set ProjectVersion to 1.0.0.0. Version Checksum will be recalculated on next use.
[2020.12.13-10.59.58:393][  0]LogDerivedDataCache: Saved boot cache 0.23s 75MB C:/Users/Zyden/AppData/Local/UnrealEngine/4.25/DerivedDataCache/Boot.ddc.
[2020.12.13-10.59.58:395][  0]LogInit: Texture streaming: Enabled
[2020.12.13-10.59.58:420][  0]LogEngineSessionManager: EngineSessionManager initialized
[2020.12.13-10.59.58:420][  0]LogEditorSessionSummary: Verbose: Initializing EditorSessionSummaryWriter for editor session tracking
[2020.12.13-10.59.58:433][  0]LogEditorSessionSummary: EditorSessionSummaryWriter initialized
[2020.12.13-10.59.58:482][  0]LogInit: Transaction tracking system initialized
[2020.12.13-10.59.58:510][  0]BlueprintLog: New page: Editor Load
[2020.12.13-10.59.58:598][  0]LocalizationService: Localization service is disabled
[2020.12.13-10.59.58:780][  0]LogCook: Display: Max memory allowance for cook 16384mb min free memory 0mb
[2020.12.13-10.59.58:780][  0]LogCook: Display: Mobile HDR setting 1
[2020.12.13-10.59.58:940][  0]LogFileCache: Scanning file cache for directory 'D:/GEDFinal/Game_Engine_Final/ThirdPersontry/Content/' took 0.00s
[2020.12.13-10.59.59:204][  0]SourceControl: Source control is disabled
[2020.12.13-10.59.59:204][  0]LogUnrealEdMisc: Loading editor; pre map load, took 7.992
[2020.12.13-10.59.59:204][  0]Cmd: MAP LOAD FILE="../../../../../GEDFinal/Game_Engine_Final/ThirdPersontry/Content/ThirdPersonBP/Maps/ThirdPersonExampleMap.umap" TEMPLATE=0 SHOWPROGRESS=1 FEATURELEVEL=3
[2020.12.13-10.59.59:204][  0]LightingResults: New page: Lighting Build
[2020.12.13-10.59.59:205][  0]LogWorld: UWorld::CleanupWorld for Untitled, bSessionEnded=true, bCleanupResources=true
[2020.12.13-10.59.59:205][  0]LogSlate: InvalidateAllWidgets triggered.  All widgets were invalidated
[2020.12.13-10.59.59:205][  0]MapCheck: New page: Map Check
[2020.12.13-10.59.59:206][  0]LightingResults: New page: Lighting Build
[2020.12.13-10.59.59:215][  0]LogAISub: UAISubsystem::~UAISubsystem EnvQueryManager (000001F809E68600), frame # 0
[2020.12.13-10.59.59:215][  0]LogAISub: UAISubsystem::~UAISubsystem AIPerceptionSystem (000001F809E84B80), frame # 0
[2020.12.13-10.59.59:216][  0]LogUObjectHash: Compacting FUObjectHashTables data took   0.85ms
[2020.12.13-10.59.59:317][  0]LogLinker: Warning: While loading '../../../Engine/Content/EngineSky/BP_Sky_Sphere.uasset' failed to load '/Game/SkyNebula': Can't find file.
[2020.12.13-10.59.59:317][  0]LogLinker: Warning: While loading '../../../Engine/Content/EngineSky/BP_Sky_Sphere.uasset' failed to load '/Game/SkyNebula': Can't find file.
[2020.12.13-10.59.59:318][  0]LogLinker: Warning: While loading '../../../Engine/Content/EngineSky/BP_Sky_Sphere.uasset' failed to load '/Game/SkyNebula': Can't find file.
[2020.12.13-10.59.59:318][  0]LogLinker: Warning: While loading '../../../Engine/Content/EngineSky/BP_Sky_Sphere.uasset' failed to load '/Game/SkyNebula': Can't find file.
[2020.12.13-10.59.59:319][  0]LogLinker: Warning: While loading '../../../../../GEDFinal/Game_Engine_Final/ThirdPersontry/Content/ThirdPersonBP/Maps/ThirdPersonExampleMap.umap' failed to load '/Game/SkyNebula': Can't find file.
[2020.12.13-10.59.59:319][  0]LogLinker: Warning: While loading '../../../../../GEDFinal/Game_Engine_Final/ThirdPersontry/Content/ThirdPersonBP/Maps/ThirdPersonExampleMap.umap' failed to load '/Game/SkyNebula': Can't find file.
[2020.12.13-10.59.59:319][  0]LogLinker: Warning: While loading '../../../../../GEDFinal/Game_Engine_Final/ThirdPersontry/Content/ThirdPersonBP/Maps/ThirdPersonExampleMap.umap' failed to load '/Game/SkyNebula': Can't find file.
[2020.12.13-10.59.59:319][  0]LogLinker: Warning: While loading '../../../../../GEDFinal/Game_Engine_Final/ThirdPersontry/Content/ThirdPersonBP/Maps/ThirdPersonExampleMap.umap' failed to load '/Game/SkyNebula': Can't find file.
[2020.12.13-10.59.59:320][  0]LogLinker: Warning: While loading '../../../../../GEDFinal/Game_Engine_Final/ThirdPersontry/Content/ThirdPersonBP/Maps/ThirdPersonExampleMap.umap' failed to load '/Game/SkyNebula': Can't find file.
[2020.12.13-10.59.59:320][  0]LoadErrors: Failed to load /Game/SkyNebula.SkyNebula Referenced by K2Node_CallFunction_40283
[2020.12.13-10.59.59:320][  0]LogLinker: Warning: While loading '../../../../../GEDFinal/Game_Engine_Final/ThirdPersontry/Content/ThirdPersonBP/Maps/ThirdPersonExampleMap.umap' failed to load '/Game/SkyNebula': Can't find file.
[2020.12.13-10.59.59:321][  0]LoadErrors: Failed to load /Game/SkyNebula.SkyNebula Referenced by K2Node_CallFunction_40283
[2020.12.13-10.59.59:479][  0]LogAIModule: Creating AISystem for world ThirdPersonExampleMap
[2020.12.13-10.59.59:479][  0]LogAISub: UAISubsystem::UAISubsystem EnvQueryManager (000001F81961DC00), frame # 0
[2020.12.13-10.59.59:479][  0]LogAISub: UAISubsystem::UAISubsystem AIPerceptionSystem (000001F819690B80), frame # 0
[2020.12.13-10.59.59:491][  0]LogEditorServer: Finished looking for orphan Actors (0.000 secs)
[2020.12.13-10.59.59:512][  0]LogUObjectHash: Compacting FUObjectHashTables data took   1.20ms
[2020.12.13-10.59.59:513][  0]Cmd: MAP CHECKDEP NOCLEARLOG
[2020.12.13-10.59.59:513][  0]MapCheck: Map check complete: 0 Error(s), 0 Warning(s), took 0.115ms to complete.
[2020.12.13-10.59.59:514][  0]LogFileHelpers: Loading map 'ThirdPersonExampleMap' took 0.309
[2020.12.13-10.59.59:516][  0]LogUnrealEdMisc: Total Editor Startup Time, took 8.304
[2020.12.13-10.59.59:672][  0]LogSlate: Updating window title bar state: overlay mode, drag disabled, window buttons hidden, title bar hidden
[2020.12.13-10.59.59:684][  0]LogSlate: Updating window title bar state: overlay mode, drag disabled, window buttons hidden, title bar hidden
[2020.12.13-10.59.59:694][  0]LogSlate: Updating window title bar state: overlay mode, drag disabled, window buttons hidden, title bar hidden
[2020.12.13-10.59.59:706][  0]LogSlate: Updating window title bar state: overlay mode, drag disabled, window buttons hidden, title bar hidden
[2020.12.13-10.59.59:720][  0]LogCollectionManager: Loaded 0 collections in 0.001075 seconds
[2020.12.13-10.59.59:744][  0]LogFileCache: Scanning file cache for directory 'D:/GEDFinal/Game_Engine_Final/ThirdPersontry/Saved/Collections/' took 0.00s
[2020.12.13-10.59.59:744][  0]LogFileCache: Scanning file cache for directory 'D:/GEDFinal/Game_Engine_Final/ThirdPersontry/Content/Developers/Zyden/Collections/' took 0.00s
[2020.12.13-10.59.59:744][  0]LogFileCache: Scanning file cache for directory 'D:/GEDFinal/Game_Engine_Final/ThirdPersontry/Content/Collections/' took 0.00s
[2020.12.13-10.59.59:744][  0]LogContentBrowser: Native class hierarchy populated in 0.0137 seconds. Added 3427 classes and 821 folders.
[2020.12.13-10.59.59:747][  0]LogContentBrowser: Native class hierarchy updated for 'WidgetCarousel' in 0.0003 seconds. Added 0 classes and 0 folders.
[2020.12.13-10.59.59:836][  0]LogContentBrowser: Native class hierarchy updated for 'AddContentDialog' in 0.0003 seconds. Added 0 classes and 0 folders.
[2020.12.13-10.59.59:837][  0]LogContentBrowser: Native class hierarchy updated for 'SceneOutliner' in 0.0003 seconds. Added 2 classes and 0 folders.
[2020.12.13-10.59.59:908][  0]LogSlate: Took 0.000271 seconds to synchronously load lazily loaded font '../../../Engine/Content/Slate/Fonts/Roboto-Regular.ttf' (155K)
[2020.12.13-10.59.59:912][  0]LogSlate: Took 0.000395 seconds to synchronously load lazily loaded font '../../../Engine/Content/Slate/Fonts/Roboto-Bold.ttf' (160K)
[2020.12.13-10.59.59:918][  0]LogSlate: Took 0.000231 seconds to synchronously load lazily loaded font '../../../Engine/Content/Editor/Slate/Fonts/FontAwesome.ttf' (139K)
[2020.12.13-11.00.00:008][  0]LogRenderer: Reallocating scene render targets to support 916x408 Format 10 NumSamples 1 (Frame:1).
[2020.12.13-11.00.00:967][  0]LogContentBrowser: Native class hierarchy updated for 'HierarchicalLODOutliner' in 0.0003 seconds. Added 0 classes and 0 folders.
[2020.12.13-11.00.00:968][  0]LogLoad: (Engine Initialization) Total time: 9.76 seconds
[2020.12.13-11.00.00:968][  0]LogLoad: (Engine Initialization) Total Blueprint compile time: 0.00 seconds
[2020.12.13-11.00.01:020][  0]LogAssetRegistry: Asset discovery search completed in 5.0989 seconds
[2020.12.13-11.00.01:026][  0]LogCollectionManager: Fixed up redirectors for 0 collections in 0.000003 seconds (updated 0 objects)
[2020.12.13-11.00.01:027][  0]LogContentStreaming: Texture pool size now 1000 MB
[2020.12.13-11.00.01:116][  0]LogSlate: Took 0.000214 seconds to synchronously load lazily loaded font '../../../Engine/Content/Slate/Fonts/Roboto-Light.ttf' (167K)
[2020.12.13-11.00.01:126][  0]LogSlate: Took 0.000270 seconds to synchronously load lazily loaded font '../../../Engine/Content/Slate/Fonts/DroidSansMono.ttf' (77K)
[2020.12.13-11.00.09:242][439]LogSlate: Window 'Message Log' being destroyed
[2020.12.13-11.00.09:248][439]LogSlate: Window 'Message Log' being destroyed
[2020.12.13-11.00.20:455][ 23]LogActorFactory: Actor Factory created Cube
[2020.12.13-11.00.20:917][ 48]LogActorFactory: Actor Factory created Cube
[2020.12.13-11.00.32:228][185]LogSlate: Took 0.000200 seconds to synchronously load lazily loaded font '../../../Engine/Content/Slate/Fonts/Roboto-Light.ttf' (167K)
[2020.12.13-11.00.32:256][185]LogUObjectHash: Compacting FUObjectHashTables data took   0.61ms
[2020.12.13-11.00.32:291][185]LogSavePackage: Moving '../../../../../GEDFinal/Game_Engine_Final/ThirdPersontry/Saved/ThirdPersonExampleMap1D4FAAE4478C88EC110AA0BAC2DB6551.tmp' to '../../../../../GEDFinal/Game_Engine_Final/ThirdPersontry/Content/ThirdPersonBP/Maps/ThirdPersonExampleMap.umap'
[2020.12.13-11.00.32:318][185]AssetCheck: New page: Asset Save: ThirdPersonExampleMap
[2020.12.13-11.00.32:318][185]LogContentValidation: Display: Validating World /Game/ThirdPersonBP/Maps/ThirdPersonExampleMap.ThirdPersonExampleMap
[2020.12.13-11.01.06:059][172]Cmd: BRUSH ADD SELECTNEWBRUSH
[2020.12.13-11.01.21:045][923]LogUObjectHash: Compacting FUObjectHashTables data took   0.65ms
[2020.12.13-11.01.21:097][923]LogSavePackage: Moving '../../../../../GEDFinal/Game_Engine_Final/ThirdPersontry/Saved/ThirdPersonExampleMapD29E90F541EA8AB0626B5184C7D65799.tmp' to '../../../../../GEDFinal/Game_Engine_Final/ThirdPersontry/Content/ThirdPersonBP/Maps/ThirdPersonExampleMap.umap'
[2020.12.13-11.01.21:122][923]AssetCheck: New page: Asset Save: ThirdPersonExampleMap
[2020.12.13-11.01.21:122][923]LogContentValidation: Display: Validating World /Game/ThirdPersonBP/Maps/ThirdPersonExampleMap.ThirdPersonExampleMap
[2020.12.13-11.03.26:926][540]LogUObjectHash: Compacting FUObjectHashTables data took   0.59ms
[2020.12.13-11.03.26:973][540]LogSavePackage: Moving '../../../../../GEDFinal/Game_Engine_Final/ThirdPersontry/Saved/ThirdPersonExampleMap3466FE3F4B70AA2DF91A0287A3C1CF7A.tmp' to '../../../../../GEDFinal/Game_Engine_Final/ThirdPersontry/Content/ThirdPersonBP/Maps/ThirdPersonExampleMap.umap'
[2020.12.13-11.03.27:004][540]AssetCheck: New page: Asset Save: ThirdPersonExampleMap
[2020.12.13-11.03.27:004][540]LogContentValidation: Display: Validating World /Game/ThirdPersonBP/Maps/ThirdPersonExampleMap.ThirdPersonExampleMap
