Log file open, 12/12/20 22:36:21
LogWindows: Failed to load 'aqProf.dll' (GetLastError=126)
LogWindows: File 'aqProf.dll' does not exist
LogWindows: Failed to load 'VSPerf140.dll' (GetLastError=126)
LogWindows: File 'VSPerf140.dll' does not exist
LogWindows: Failed to load 'VtuneApi.dll' (GetLastError=126)
LogWindows: File 'VtuneApi.dll' does not exist
LogWindows: Failed to load 'VtuneApi32e.dll' (GetLastError=126)
LogWindows: File 'VtuneApi32e.dll' does not exist
LogInit: Display: Running engine for game: ThirdPersontry
LogPlatformFile: Not using cached read wrapper
LogInit: Display: RandInit(-800872376) SRandInit(-800872375).
LogInit: Read version file with build ID '3709383'
LogInit: Overriding engine version to CL 3832480, compatible CL 3709383
LogInit: Registered custom module enumerator with build ID '3709383'
LogTaskGraph: Started task graph with 5 named threads and 20 total threads with 3 sets of task threads.
LogStats: Stats thread started at 0.226644
LogD3D11RHI: Aftermath initialized
LogModuleManager: Display: Found up-to-date module file ../../../Engine/Plugins/2D/Paper2D/Binaries/Win64/UE4Editor-Paper2D.dll (API version 3709383).
LogModuleManager: Display: Found up-to-date module file ../../../Engine/Plugins/2D/Paper2D/Binaries/Win64/UE4Editor-Paper2DEditor.dll (API version 3709383).
LogModuleManager: Display: Found up-to-date module file ../../../Engine/Plugins/2D/Paper2D/Binaries/Win64/UE4Editor-PaperSpriteSheetImporter.dll (API version 3709383).
LogModuleManager: Display: Found up-to-date module file ../../../Engine/Plugins/2D/Paper2D/Binaries/Win64/UE4Editor-PaperTiledImporter.dll (API version 3709383).
LogModuleManager: Display: Found up-to-date module file ../../../Engine/Plugins/2D/Paper2D/Binaries/Win64/UE4Editor-SmartSnapping.dll (API version 3709383).
LogModuleManager: Display: Found up-to-date module file ../../../Engine/Plugins/Blendables/LightPropagationVolume/Binaries/Win64/UE4Editor-LightPropagationVolumeRuntime.dll (API version 3709383).
LogModuleManager: Display: Found up-to-date module file ../../../Engine/Plugins/Blendables/LightPropagationVolume/Binaries/Win64/UE4Editor-LightPropagationVolumeEditor.dll (API version 3709383).
LogModuleManager: Display: Found up-to-date module file ../../../Engine/Plugins/Developer/GitSourceControl/Binaries/Win64/UE4Editor-GitSourceControl.dll (API version 3709383).
LogModuleManager: Display: Found up-to-date module file ../../../Engine/Plugins/Developer/PerforceSourceControl/Binaries/Win64/UE4Editor-PerforceSourceControl.dll (API version 3709383).
LogModuleManager: Display: Found up-to-date module file ../../../Engine/Plugins/Developer/SubversionSourceControl/Binaries/Win64/UE4Editor-SubversionSourceControl.dll (API version 3709383).
LogModuleManager: Display: Found up-to-date module file ../../../Engine/Plugins/Developer/UObjectPlugin/Binaries/Win64/UE4Editor-UObjectPlugin.dll (API version 3709383).
LogModuleManager: Display: Found up-to-date module file ../../../Engine/Plugins/Developer/VisualStudioCodeSourceCodeAccess/Binaries/Win64/UE4Editor-VisualStudioCodeSourceCodeAccess.dll (API version 3709383).
LogModuleManager: Display: Found up-to-date module file ../../../Engine/Plugins/Developer/VisualStudioSourceCodeAccess/Binaries/Win64/UE4Editor-VisualStudioSourceCodeAccess.dll (API version 3709383).
LogModuleManager: Display: Found up-to-date module file ../../../Engine/Plugins/Editor/AssetManagerEditor/Binaries/Win64/UE4Editor-AssetManagerEditor.dll (API version 3709383).
LogModuleManager: Display: Found up-to-date module file ../../../Engine/Plugins/Editor/AudioCapture/Binaries/Win64/UE4Editor-AudioCapture.dll (API version 3709383).
LogModuleManager: Display: Found up-to-date module file ../../../Engine/Plugins/Editor/FacialAnimation/Binaries/Win64/UE4Editor-FacialAnimation.dll (API version 3709383).
LogModuleManager: Display: Found up-to-date module file ../../../Engine/Plugins/Editor/FacialAnimation/Binaries/Win64/UE4Editor-FacialAnimationEditor.dll (API version 3709383).
LogModuleManager: Display: Found up-to-date module file ../../../Engine/Plugins/Editor/GameplayTagsEditor/Binaries/Win64/UE4Editor-GameplayTagsEditor.dll (API version 3709383).
LogModuleManager: Display: Found up-to-date module file ../../../Engine/Plugins/Editor/MobileLauncherProfileWizard/Binaries/Win64/UE4Editor-MobileLauncherProfileWizard.dll (API version 3709383).
LogModuleManager: Display: Found up-to-date module file ../../../Engine/Plugins/Editor/PluginBrowser/Binaries/Win64/UE4Editor-PluginBrowser.dll (API version 3709383).
LogModuleManager: Display: Found up-to-date module file ../../../Engine/Plugins/Editor/SpeedTreeImporter/Binaries/Win64/UE4Editor-SpeedTreeImporter.dll (API version 3709383).
LogModuleManager: Display: Found up-to-date module file ../../../Engine/Plugins/Experimental/AlembicImporter/Binaries/Win64/UE4Editor-AlembicImporter.dll (API version 3709383).
LogModuleManager: Display: Found up-to-date module file ../../../Engine/Plugins/Experimental/AlembicImporter/Binaries/Win64/UE4Editor-AlembicLibrary.dll (API version 3709383).
LogModuleManager: Display: Found up-to-date module file ../../../Engine/Plugins/Experimental/CharacterAI/Binaries/Win64/UE4Editor-CharacterAI.dll (API version 3709383).
LogModuleManager: Display: Found up-to-date module file ../../../Engine/Plugins/Experimental/HTML5Networking/Binaries/Win64/UE4Editor-HTML5Networking.dll (API version 3709383).
LogModuleManager: Display: Found up-to-date module file ../../../Engine/Plugins/Media/AndroidMedia/Binaries/Win64/UE4Editor-AndroidMediaEditor.dll (API version 3709383).
LogModuleManager: Display: Found up-to-date module file ../../../Engine/Plugins/Media/AndroidMedia/Binaries/Win64/UE4Editor-AndroidMediaFactory.dll (API version 3709383).
LogModuleManager: Display: Found up-to-date module file ../../../Engine/Plugins/Media/AvfMedia/Binaries/Win64/UE4Editor-AvfMediaEditor.dll (API version 3709383).
LogModuleManager: Display: Found up-to-date module file ../../../Engine/Plugins/Media/AvfMedia/Binaries/Win64/UE4Editor-AvfMediaFactory.dll (API version 3709383).
LogModuleManager: Display: Found up-to-date module file ../../../Engine/Plugins/Media/AvfMedia/Binaries/Win64/UE4Editor-AvfMediaFactory.dll (API version 3709383).
LogModuleManager: Display: Found up-to-date module file ../../../Engine/Plugins/Media/ImgMedia/Binaries/Win64/UE4Editor-ImgMedia.dll (API version 3709383).
LogModuleManager: Display: Found up-to-date module file ../../../Engine/Plugins/Media/ImgMedia/Binaries/Win64/UE4Editor-ImgMediaEditor.dll (API version 3709383).
LogModuleManager: Display: Found up-to-date module file ../../../Engine/Plugins/Media/ImgMedia/Binaries/Win64/UE4Editor-ImgMediaFactory.dll (API version 3709383).
LogModuleManager: Display: Found up-to-date module file ../../../Engine/Plugins/Media/ImgMedia/Binaries/Win64/UE4Editor-ImgMediaFactory.dll (API version 3709383).
LogModuleManager: Display: Found up-to-date module file ../../../Engine/Plugins/Media/ImgMedia/Binaries/Win64/UE4Editor-OpenExrWrapper.dll (API version 3709383).
LogModuleManager: Display: Found up-to-date module file ../../../Engine/Plugins/Media/MediaCompositing/Binaries/Win64/UE4Editor-MediaCompositing.dll (API version 3709383).
LogModuleManager: Display: Found up-to-date module file ../../../Engine/Plugins/Media/MediaCompositing/Binaries/Win64/UE4Editor-MediaCompositingEditor.dll (API version 3709383).
LogModuleManager: Display: Found up-to-date module file ../../../Engine/Plugins/Media/MediaPlayerEditor/Binaries/Win64/UE4Editor-MediaPlayerEditor.dll (API version 3709383).
LogModuleManager: Display: Found up-to-date module file ../../../Engine/Plugins/Media/WmfMedia/Binaries/Win64/UE4Editor-WmfMedia.dll (API version 3709383).
LogModuleManager: Display: Found up-to-date module file ../../../Engine/Plugins/Media/WmfMedia/Binaries/Win64/UE4Editor-WmfMediaEditor.dll (API version 3709383).
LogModuleManager: Display: Found up-to-date module file ../../../Engine/Plugins/Media/WmfMedia/Binaries/Win64/UE4Editor-WmfMediaFactory.dll (API version 3709383).
LogModuleManager: Display: Found up-to-date module file ../../../Engine/Plugins/Media/WmfMedia/Binaries/Win64/UE4Editor-WmfMediaFactory.dll (API version 3709383).
LogModuleManager: Display: Found up-to-date module file ../../../Engine/Plugins/Messaging/TcpMessaging/Binaries/Win64/UE4Editor-TcpMessaging.dll (API version 3709383).
LogModuleManager: Display: Found up-to-date module file ../../../Engine/Plugins/Messaging/UdpMessaging/Binaries/Win64/UE4Editor-UdpMessaging.dll (API version 3709383).
LogModuleManager: Display: Found up-to-date module file ../../../Engine/Plugins/MovieScene/ActorSequence/Binaries/Win64/UE4Editor-ActorSequence.dll (API version 3709383).
LogModuleManager: Display: Found up-to-date module file ../../../Engine/Plugins/MovieScene/LevelSequenceEditor/Binaries/Win64/UE4Editor-LevelSequenceEditor.dll (API version 3709383).
LogModuleManager: Display: Found up-to-date module file ../../../Engine/Plugins/MovieScene/MatineeToLevelSequence/Binaries/Win64/UE4Editor-MatineeToLevelSequence.dll (API version 3709383).
LogModuleManager: Display: Found up-to-date module file ../../../Engine/Plugins/Online/OnlineSubsystem/Binaries/Win64/UE4Editor-OnlineSubsystem.dll (API version 3709383).
LogModuleManager: Display: Found up-to-date module file ../../../Engine/Plugins/Runtime/AndroidPermission/Binaries/Win64/UE4Editor-AndroidPermission.dll (API version 3709383).
LogModuleManager: Display: Found up-to-date module file ../../../Engine/Plugins/Online/OnlineSubsystemNull/Binaries/Win64/UE4Editor-OnlineSubsystemNull.dll (API version 3709383).
LogModuleManager: Display: Found up-to-date module file ../../../Engine/Plugins/Online/OnlineSubsystemUtils/Binaries/Win64/UE4Editor-OnlineSubsystemUtils.dll (API version 3709383).
LogModuleManager: Display: Found up-to-date module file ../../../Engine/Plugins/Online/OnlineSubsystemUtils/Binaries/Win64/UE4Editor-OnlineBlueprintSupport.dll (API version 3709383).
LogModuleManager: Display: Found up-to-date module file ../../../Engine/Plugins/Runtime/AndroidDeviceProfileSelector/Binaries/Win64/UE4Editor-AndroidDeviceProfileSelector.dll (API version 3709383).
LogModuleManager: Display: Found up-to-date module file ../../../Engine/Plugins/Runtime/AppleARKit/Binaries/Win64/UE4Editor-AppleARKit.dll (API version 3709383).
LogModuleManager: Display: Found up-to-date module file ../../../Engine/Plugins/Runtime/ArchVisCharacter/Binaries/Win64/UE4Editor-ArchVisCharacter.dll (API version 3709383).
LogModuleManager: Display: Found up-to-date module file ../../../Engine/Plugins/Runtime/CableComponent/Binaries/Win64/UE4Editor-CableComponent.dll (API version 3709383).
LogModuleManager: Display: Found up-to-date module file ../../../Engine/Plugins/Runtime/CustomMeshComponent/Binaries/Win64/UE4Editor-CustomMeshComponent.dll (API version 3709383).
LogModuleManager: Display: Found up-to-date module file ../../../Engine/Plugins/Runtime/ExampleDeviceProfileSelector/Binaries/Win64/UE4Editor-ExampleDeviceProfileSelector.dll (API version 3709383).
LogModuleManager: Display: Found up-to-date module file ../../../Engine/Plugins/Runtime/ImmediatePhysics/Binaries/Win64/UE4Editor-ImmediatePhysics.dll (API version 3709383).
LogModuleManager: Display: Found up-to-date module file ../../../Engine/Plugins/Runtime/ImmediatePhysics/Binaries/Win64/UE4Editor-ImmediatePhysicsEditor.dll (API version 3709383).
LogModuleManager: Display: Found up-to-date module file ../../../Engine/Plugins/Runtime/LocationServicesBPLibrary/Binaries/Win64/UE4Editor-LocationServicesBPLibrary.dll (API version 3709383).
LogModuleManager: Display: Found up-to-date module file ../../../Engine/Plugins/Runtime/MobilePatchingUtils/Binaries/Win64/UE4Editor-MobilePatchingUtils.dll (API version 3709383).
LogModuleManager: Display: Found up-to-date module file ../../../Engine/Plugins/Runtime/Oculus/OculusVR/Binaries/Win64/UE4Editor-OculusHMD.dll (API version 3709383).
LogModuleManager: Display: Found up-to-date module file ../../../Engine/Plugins/Runtime/Oculus/OculusVR/Binaries/Win64/UE4Editor-OculusInput.dll (API version 3709383).
LogModuleManager: Display: Found up-to-date module file ../../../Engine/Plugins/Runtime/Oculus/OculusVR/Binaries/Win64/UE4Editor-OculusEditor.dll (API version 3709383).
LogModuleManager: Display: Found up-to-date module file ../../../Engine/Plugins/Runtime/PhysXVehicles/Binaries/Win64/UE4Editor-PhysXVehicles.dll (API version 3709383).
LogModuleManager: Display: Found up-to-date module file ../../../Engine/Plugins/Runtime/PhysXVehicles/Binaries/Win64/UE4Editor-PhysXVehiclesEditor.dll (API version 3709383).
LogModuleManager: Display: Found up-to-date module file ../../../Engine/Plugins/Runtime/ProceduralMeshComponent/Binaries/Win64/UE4Editor-ProceduralMeshComponent.dll (API version 3709383).
LogModuleManager: Display: Found up-to-date module file ../../../Engine/Plugins/Runtime/ProceduralMeshComponent/Binaries/Win64/UE4Editor-ProceduralMeshComponentEditor.dll (API version 3709383).
LogModuleManager: Display: Found up-to-date module file ../../../Engine/Plugins/Runtime/RuntimePhysXCooking/Binaries/Win64/UE4Editor-RuntimePhysXCooking.dll (API version 3709383).
LogModuleManager: Display: Found up-to-date module file ../../../Engine/Plugins/Runtime/Steam/SteamVR/Binaries/Win64/UE4Editor-SteamVR.dll (API version 3709383).
LogModuleManager: Display: Found up-to-date module file ../../../Engine/Plugins/Runtime/Steam/SteamVR/Binaries/Win64/UE4Editor-SteamVRController.dll (API version 3709383).
LogModuleManager: Display: Found up-to-date module file ../../../Engine/Plugins/Runtime/WindowsMoviePlayer/Binaries/Win64/UE4Editor-WindowsMoviePlayer.dll (API version 3709383).
LogPluginManager: Mounting plugin Paper2D
LogPluginManager: Mounting plugin LightPropagationVolume
LogPluginManager: Mounting plugin CodeLiteSourceCodeAccess
LogPluginManager: Mounting plugin GitSourceControl
LogPluginManager: Mounting plugin KDevelopSourceCodeAccess
LogPluginManager: Mounting plugin NullSourceCodeAccess
LogPluginManager: Mounting plugin PerforceSourceControl
LogPluginManager: Mounting plugin SubversionSourceControl
LogPluginManager: Mounting plugin UObjectPlugin
LogPluginManager: Mounting plugin VisualStudioCodeSourceCodeAccess
LogPluginManager: Mounting plugin VisualStudioSourceCodeAccess
LogPluginManager: Mounting plugin XCodeSourceCodeAccess
LogPluginManager: Mounting plugin AssetManagerEditor
LogPluginManager: Mounting plugin AudioCapture
LogPluginManager: Mounting plugin FacialAnimation
LogPluginManager: Mounting plugin GameplayTagsEditor
LogPluginManager: Mounting plugin MobileLauncherProfileWizard
LogPluginManager: Mounting plugin PluginBrowser
LogPluginManager: Mounting plugin SpeedTreeImporter
LogPluginManager: Mounting plugin AlembicImporter
LogPluginManager: Mounting plugin CharacterAI
LogPluginManager: Mounting plugin HTML5Networking
LogPluginManager: Mounting plugin AndroidMedia
LogPluginManager: Mounting plugin AvfMedia
LogPluginManager: Mounting plugin ImgMedia
LogPluginManager: Mounting plugin MediaCompositing
LogPluginManager: Mounting plugin MediaPlayerEditor
LogPluginManager: Mounting plugin WmfMedia
LogPluginManager: Mounting plugin TcpMessaging
LogPluginManager: Mounting plugin UdpMessaging
LogPluginManager: Mounting plugin ActorSequence
LogPluginManager: Mounting plugin LevelSequenceEditor
LogPluginManager: Mounting plugin MatineeToLevelSequence
LogPluginManager: Mounting plugin OnlineSubsystemGooglePlay
LogPluginManager: Mounting plugin OnlineSubsystemIOS
LogPluginManager: Mounting plugin OnlineSubsystem
LogPluginManager: Mounting plugin OnlineSubsystemNull
LogPluginManager: Mounting plugin OnlineSubsystemUtils
LogPluginManager: Mounting plugin AndroidDeviceProfileSelector
LogPluginManager: Mounting plugin AndroidMoviePlayer
LogPluginManager: Mounting plugin AndroidPermission
LogPluginManager: Mounting plugin AppleARKit
LogPluginManager: Mounting plugin AppleMoviePlayer
LogPluginManager: Mounting plugin ArchVisCharacter
LogPluginManager: Mounting plugin CableComponent
LogPluginManager: Mounting plugin CustomMeshComponent
LogPluginManager: Mounting plugin ExampleDeviceProfileSelector
LogPluginManager: Mounting plugin GoogleCloudMessaging
LogPluginManager: Mounting plugin ImmediatePhysics
LogPluginManager: Mounting plugin IOSDeviceProfileSelector
LogPluginManager: Mounting plugin LinuxDeviceProfileSelector
LogPluginManager: Mounting plugin LocationServicesBPLibrary
LogPluginManager: Mounting plugin MobilePatchingUtils
LogPluginManager: Mounting plugin OculusVR
LogPluginManager: Plugin shader directory ../../../Engine/Plugins/Runtime/Oculus/OculusVR/Shaders found
LogPluginManager: Mapping shader source directory ../../../Engine/Plugins/Runtime/Oculus/OculusVR/Shaders to virtual directory /Plugin/OculusVR
LogPluginManager: Mounting plugin PhysXVehicles
LogPluginManager: Mounting plugin ProceduralMeshComponent
LogPluginManager: Mounting plugin RuntimePhysXCooking
LogPluginManager: Mounting plugin SteamVR
LogPluginManager: Mounting plugin WindowsMoviePlayer
LogInit: Using libcurl 7.47.1
LogInit:  - built for x86_64-pc-win32
LogInit:  - supports SSL with OpenSSL/1.0.2g
LogInit:  - supports HTTP deflate (compression) using libz 1.2.8
LogInit:  - other features:
LogInit:      CURL_VERSION_SSL
LogInit:      CURL_VERSION_LIBZ
LogInit:      CURL_VERSION_IPV6
LogInit:      CURL_VERSION_ASYNCHDNS
LogInit:      CURL_VERSION_LARGEFILE
LogInit:      CURL_VERSION_IDN
LogInit:  CurlRequestOptions (configurable via config and command line):
LogInit:  - bVerifyPeer = false  - Libcurl will NOT verify peer certificate
LogInit:  - bUseHttpProxy = false  - Libcurl will NOT use HTTP proxy
LogInit:  - bDontReuseConnections = false  - Libcurl will reuse connections
LogInit:  - CertBundlePath = nullptr  - Libcurl will use whatever was configured at build time.
LogInit: Build: ++UE4+Release-4.18-CL-3832480
LogInit: Engine Version: 4.18.3-3832480+++UE4+Release-4.18
LogInit: Compatible Engine Version: 4.18.0-3709383+++UE4+Release-4.18
LogInit: Net CL: 3709383
LogDevObjectVersion: Number of dev versions registered: 16
LogDevObjectVersion:   Dev-Blueprints (B0D832E4-1F89-4F0D-ACCF-7EB736FD4AA2): 10
LogDevObjectVersion:   Dev-Build (E1C64328-A22C-4D53-A36C-8E866417BD8C): 0
LogDevObjectVersion:   Dev-Core (375EC13C-06E4-48FB-B500-84F0262A717E): 2
LogDevObjectVersion:   Dev-Editor (E4B068ED-F494-42E9-A231-DA0B2E46BB41): 20
LogDevObjectVersion:   Dev-Framework (CFFC743F-43B0-4480-9391-14DF171D2073): 30
LogDevObjectVersion:   Dev-Mobile (B02B49B5-BB20-44E9-A304-32B752E40360): 0
LogDevObjectVersion:   Dev-Networking (A4E4105C-59A1-49B5-A7C5-40C4547EDFEE): 0
LogDevObjectVersion:   Dev-Online (39C831C9-5AE6-47DC-9A44-9C173E1C8E7C): 0
LogDevObjectVersion:   Dev-Physics (78F01B33-EBEA-4F98-B9B4-84EACCB95AA2): 0
LogDevObjectVersion:   Dev-Platform (6631380F-2D4D-43E0-8009-CF276956A95A): 0
LogDevObjectVersion:   Dev-Rendering (12F88B9F-8875-4AFC-A67C-D90C383ABD29): 20
LogDevObjectVersion:   Dev-Sequencer (7B5AE74C-D270-4C10-A958-57980B212A5A): 4
LogDevObjectVersion:   Dev-VR (D7296918-1DD6-4BDD-9DE2-64A83CC13884): 0
LogDevObjectVersion:   Dev-LoadTimes (C2A15278-BFE7-4AFE-6C17-90FF531DF755): 1
LogDevObjectVersion:   Private-Geometry (6EACA3D4-40EC-4CC1-B786-8BED09428FC5): 1
LogDevObjectVersion:   Dev-AnimPhys (29E575DD-E0A3-4627-9D10-D276232CDCEA): 12
LogInit: Compiled (64-bit): Jan 12 2018 02:04:55
LogInit: Compiled with Visual C++: 19.00.24215.01
LogInit: Build Configuration: Development
LogInit: Branch Name: ++UE4+Release-4.18
LogInit: Command line: 
LogInit: Base directory: C:/Program Files/Epic Games/UE_4.18/Engine/Binaries/Win64/
LogInit: Installed Engine Build: 1
LogInit: Presizing for max 8388607 objects, including 0 objects not considered by GC, pre-allocating 0 bytes for permanent pool.
LogInit: Object subsystem initialized
[2020.12.12-14.36.22:493][  0]LogInit: Selected Device Profile: [Windows]
[2020.12.12-14.36.22:493][  0]LogInit: Applying CVar settings loaded from the selected device profile: [Windows]
[2020.12.12-14.36.22:504][  0]LogInit: Computer: LAPTOP-3I5O7I7H
[2020.12.12-14.36.22:504][  0]LogInit: User: GanQiWen
[2020.12.12-14.36.22:504][  0]LogInit: CPU Page size=4096, Cores=6
[2020.12.12-14.36.22:504][  0]LogInit: High frequency timer resolution =10.000000 MHz
[2020.12.12-14.36.22:504][  0]LogMemory: Memory total: Physical=15.9GB (16GB approx)
[2020.12.12-14.36.22:504][  0]LogMemory: Platform Memory Stats for Windows
[2020.12.12-14.36.22:504][  0]LogMemory: Process Physical Memory: 273.08 MB used, 273.09 MB peak
[2020.12.12-14.36.22:504][  0]LogMemory: Process Virtual Memory: 270.23 MB used, 270.23 MB peak
[2020.12.12-14.36.22:504][  0]LogMemory: Physical Memory: 7029.12 MB used,  9253.26 MB free, 16282.38 MB total
[2020.12.12-14.36.22:504][  0]LogMemory: Virtual Memory: 4768.85 MB used,  9253.26 MB free, 134217728.00 MB total
[2020.12.12-14.36.22:601][  0]LogInit: Using OS detected language (en-US).
[2020.12.12-14.36.22:601][  0]LogInit: Using OS detected locale (en-MY).
[2020.12.12-14.36.22:603][  0]LogTextLocalizationManager: No specific localization for 'en-US' exists, so the 'en' localization will be used.
[2020.12.12-14.36.22:905][  0]LogInit: Setting process to per monitor DPI aware
[2020.12.12-14.36.23:095][  0]LogD3D11RHI: D3D11 adapters:
[2020.12.12-14.36.23:142][  0]LogD3D11RHI:    0. 'NVIDIA GeForce RTX 2070 with Max-Q Design' (Feature Level 11_0)
[2020.12.12-14.36.23:142][  0]LogD3D11RHI:       8031/0/8141 MB DedicatedVideo/DedicatedSystem/SharedSystem, Outputs:1, VendorId:0x10de
[2020.12.12-14.36.23:157][  0]LogD3D11RHI:    1. 'Intel(R) UHD Graphics 630' (Feature Level 11_0)
[2020.12.12-14.36.23:157][  0]LogD3D11RHI:       128/0/8141 MB DedicatedVideo/DedicatedSystem/SharedSystem, Outputs:0, VendorId:0x8086
[2020.12.12-14.36.23:159][  0]LogD3D11RHI:    2. 'Microsoft Basic Render Driver' (Feature Level 11_0)
[2020.12.12-14.36.23:159][  0]LogD3D11RHI:       0/0/8141 MB DedicatedVideo/DedicatedSystem/SharedSystem, Outputs:0, VendorId:0x1414
[2020.12.12-14.36.23:159][  0]LogD3D11RHI: Chosen D3D11 Adapter: 0
[2020.12.12-14.36.23:163][  0]LogD3D11RHI: Creating new Direct3DDevice
[2020.12.12-14.36.23:163][  0]LogD3D11RHI:     GPU DeviceId: 0x1f10 (for the marketing name, search the web for "GPU Device Id")
[2020.12.12-14.36.23:163][  0]LogWindows: EnumDisplayDevices:
[2020.12.12-14.36.23:163][  0]LogWindows:    0. 'Intel(R) UHD Graphics 630' (P:1 D:1)
[2020.12.12-14.36.23:163][  0]LogWindows:    1. 'Intel(R) UHD Graphics 630' (P:0 D:0)
[2020.12.12-14.36.23:163][  0]LogWindows:    2. 'Intel(R) UHD Graphics 630' (P:0 D:0)
[2020.12.12-14.36.23:164][  0]LogWindows:    3. 'NVIDIA GeForce RTX 2070 with Max-Q Design' (P:0 D:0)
[2020.12.12-14.36.23:164][  0]LogWindows:    4. 'NVIDIA GeForce RTX 2070 with Max-Q Design' (P:0 D:0)
[2020.12.12-14.36.23:164][  0]LogWindows:    5. 'NVIDIA GeForce RTX 2070 with Max-Q Design' (P:0 D:0)
[2020.12.12-14.36.23:164][  0]LogWindows:    6. 'NVIDIA GeForce RTX 2070 with Max-Q Design' (P:0 D:0)
[2020.12.12-14.36.23:164][  0]LogWindows: DebugString: GetVideoDriverDetailsInvalid PrimaryIsNotTheChoosenAdapter GetVideoDriverDetailsInvalid PrimaryIsNotTheChoosenAdapter GetVideoDriverDetailsInvalid PrimaryIsNotTheChoosenAdapter GetVideoDriverDetailsInvalid PrimaryIsNotTheChoosenAdapter GetVideoDriverDetailsInvalid PrimaryIsNotTheChoosenAdapter GetVideoDriverDetailsInvalid PrimaryIsNotTheChoosenAdapter GetVideoDriverDetailsInvalid PrimaryIsNotTheChoosenAdapter FoundDriverCount:0 
[2020.12.12-14.36.23:164][  0]LogD3D11RHI:     Adapter Name: NVIDIA GeForce RTX 2070 with Max-Q Design
[2020.12.12-14.36.23:164][  0]LogD3D11RHI:   Driver Version: Unknown (internal:Unknown, unified:Unknown)
[2020.12.12-14.36.23:164][  0]LogD3D11RHI:      Driver Date: Unknown
[2020.12.12-14.36.23:164][  0]LogRHI: Texture pool is 5621 MB (70% of 8031 MB)
[2020.12.12-14.36.23:199][  0]LogD3D11RHI: Async texture creation enabled
[2020.12.12-14.36.23:210][  0]LogD3D11RHI: GPU Timing Frequency: 1000.000000 (Debug: 2 1)
[2020.12.12-14.36.23:211][  0]LogShaderCompilers: Guid format shader working directory is -34 characters bigger than the processId version (../../../../../../Users/Gan Qi Wen/Documents/GitHub/Game_Engine_Final/ThirdPersontry/Intermediate/Shaders/WorkingDirectory/13248/).
[2020.12.12-14.36.23:211][  0]LogShaderCompilers: Cleaned the shader compiler working directory 'C:/Users/Gan Qi Wen/AppData/Local/Temp/UnrealShaderWorkingDir/9FDB55044C71C6B4922805AF1CA1A233/'.
[2020.12.12-14.36.23:211][  0]LogShaderCompilers: Display: Using Local Shader Compiler.
[2020.12.12-14.36.23:897][  0]LogTemp: Display: Loaded TP AllDesktopTargetPlatform
[2020.12.12-14.36.23:932][  0]LogTemp: Display: Loaded TP MacClientTargetPlatform
[2020.12.12-14.36.23:967][  0]LogTemp: Display: Loaded TP MacNoEditorTargetPlatform
[2020.12.12-14.36.24:001][  0]LogTemp: Display: Loaded TP MacServerTargetPlatform
[2020.12.12-14.36.24:035][  0]LogTemp: Display: Loaded TP MacTargetPlatform
[2020.12.12-14.36.24:070][  0]LogTemp: Display: Loaded TP WindowsClientTargetPlatform
[2020.12.12-14.36.24:105][  0]LogTemp: Display: Loaded TP WindowsNoEditorTargetPlatform
[2020.12.12-14.36.24:139][  0]LogTemp: Display: Loaded TP WindowsServerTargetPlatform
[2020.12.12-14.36.24:169][  0]LogTemp: Display: Loaded TP WindowsTargetPlatform
[2020.12.12-14.36.24:202][  0]LogTemp: Display: Loaded TP Android_ASTCTargetPlatform
[2020.12.12-14.36.24:235][  0]LogTemp: Display: Loaded TP Android_ATCTargetPlatform
[2020.12.12-14.36.24:269][  0]LogTemp: Display: Loaded TP Android_DXTTargetPlatform
[2020.12.12-14.36.24:304][  0]LogTemp: Display: Loaded TP Android_ETC1TargetPlatform
[2020.12.12-14.36.24:337][  0]LogTemp: Display: Loaded TP Android_ETC2TargetPlatform
[2020.12.12-14.36.24:404][  0]LogTemp: Display: Loaded TP Android_MultiTargetPlatform
[2020.12.12-14.36.24:404][  0]LogTemp: Display: Loaded TP Android_PVRTCTargetPlatform
[2020.12.12-14.36.24:438][  0]LogTemp: Display: Loaded TP AndroidTargetPlatform
[2020.12.12-14.36.24:464][  0]LogTemp: Display: Loaded TP HTML5TargetPlatform
[2020.12.12-14.36.24:532][  0]LogTemp: Display: Loaded TP IOSTargetPlatform
[2020.12.12-14.36.24:552][  0]LogTemp: Display: Loaded TP TVOSTargetPlatform
[2020.12.12-14.36.24:586][  0]LogTemp: Display: Loaded TP LinuxClientTargetPlatform
[2020.12.12-14.36.24:620][  0]LogTemp: Display: Loaded TP LinuxNoEditorTargetPlatform
[2020.12.12-14.36.24:654][  0]LogTemp: Display: Loaded TP LinuxServerTargetPlatform
[2020.12.12-14.36.24:687][  0]LogTemp: Display: Loaded TP LinuxTargetPlatform
[2020.12.12-14.36.24:687][  0]LogTargetPlatformManager: Display: Building Assets For Windows
[2020.12.12-14.36.25:003][  0]LogDerivedDataCache: Display: Max Cache Size: 512 MB
[2020.12.12-14.36.25:051][  0]LogDerivedDataCache: Loaded boot cache 0.05s 78MB C:/Users/Gan Qi Wen/AppData/Local/UnrealEngine/4.18/DerivedDataCache/Boot.ddc.
[2020.12.12-14.36.25:052][  0]LogDerivedDataCache: Display: Loaded Boot cache: C:/Users/Gan Qi Wen/AppData/Local/UnrealEngine/4.18/DerivedDataCache/Boot.ddc
[2020.12.12-14.36.25:052][  0]LogDerivedDataCache: FDerivedDataBackendGraph:  Pak pak cache file ../../../../../../Users/Gan Qi Wen/Documents/GitHub/Game_Engine_Final/ThirdPersontry/DerivedDataCache/DDC.ddp not found, will not use a pak cache.
[2020.12.12-14.36.25:052][  0]LogDerivedDataCache: Unable to find inner node Pak for hierarchical cache Hierarchy.
[2020.12.12-14.36.25:052][  0]LogDerivedDataCache: FDerivedDataBackendGraph:  CompressedPak pak cache file ../../../../../../Users/Gan Qi Wen/Documents/GitHub/Game_Engine_Final/ThirdPersontry/DerivedDataCache/Compressed.ddp not found, will not use a pak cache.
[2020.12.12-14.36.25:052][  0]LogDerivedDataCache: Unable to find inner node CompressedPak for hierarchical cache Hierarchy.
[2020.12.12-14.36.25:064][  0]LogDerivedDataCache: Display: Pak cache opened for reading ../../../Engine/DerivedDataCache/Compressed.ddp.
[2020.12.12-14.36.25:076][  0]LogDerivedDataCache: Using Local data cache path C:/Users/Gan Qi Wen/AppData/Local/UnrealEngine/Common/DerivedDataCache: Writable
[2020.12.12-14.36.25:083][  0]LogMaterial: Verifying Global Shaders for PCD3D_SM5
[2020.12.12-14.36.25:083][  0]LogSlate: Using Freetype 2.6.0
[2020.12.12-14.36.25:084][  0]LogSlate: SlateFontCache - WITH_FREETYPE: 1, WITH_HARFBUZZ: 1
[2020.12.12-14.36.25:084][  0]LogSlate: SlateFontCache - WITH_FREETYPE: 1, WITH_HARFBUZZ: 1
[2020.12.12-14.36.25:341][  0]LogInit: Selected Device Profile: [Windows]
[2020.12.12-14.36.25:568][  0]LogSimplygon: Simplygon DLL not present - disabling.
[2020.12.12-14.36.25:594][  0]LogMeshReduction: Using SimplygonSwarm for distributed automatic mesh merging
[2020.12.12-14.36.25:594][  0]LogMeshReduction: Using QuadricMeshReduction for automatic static mesh reduction
[2020.12.12-14.36.25:594][  0]LogMeshReduction: No automatic skeletal mesh reduction module available
[2020.12.12-14.36.25:594][  0]LogMeshReduction: No automatic mesh merging module available
[2020.12.12-14.36.25:594][  0]LogMeshMerging: No automatic mesh merging module available
[2020.12.12-14.36.25:617][  0]LogNetVersion: ThirdPersontry , NetCL: 3709383, EngineNetVer: 2, GameNetVer: 0 (Checksum: 2825695295)
[2020.12.12-14.36.25:749][  0]LogAssetRegistry: FAssetRegistry took 0.0251 seconds to start up
[2020.12.12-14.36.26:117][  0]LogPackageLocalizationCache: Processed 7 localized package path(s) for 2 prioritized culture(s) in 0.042775 seconds
[2020.12.12-14.36.26:120][  0]LogUObjectArray: 35870 objects as part of root set at end of initial load.
[2020.12.12-14.36.26:120][  0]LogUObjectAllocator: 7363704 out of 0 bytes used by permanent object pool.
[2020.12.12-14.36.26:120][  0]LogUObjectArray: CloseDisregardForGC: 0/0 objects in disregard for GC pool
[2020.12.12-14.36.26:156][  0]LogInit: WinSock: version 1.1 (2.2), MaxSocks=32767, MaxUdp=65467
[2020.12.12-14.36.28:036][  0]LogTcpMessaging: Initializing TcpMessaging bridge
[2020.12.12-14.36.28:068][  0]LogUdpMessaging: Initializing bridge on interface 0.0.0.0:0 to multicast group 230.0.0.1:6666.
[2020.12.12-14.36.28:542][  0]LogMaterial: Uniform references updated for custom material expression Custom.
[2020.12.12-14.36.28:835][  0]SourceControl: Source control is disabled
[2020.12.12-14.36.28:835][  0]SourceControl: Source control is disabled
[2020.12.12-14.36.28:870][  0]SourceControl: Source control is disabled
[2020.12.12-14.36.28:905][  0]SourceControl: Source control is disabled
[2020.12.12-14.36.29:446][  0]LogAndroidPermission: UAndroidPermissionCallbackProxy::GetInstance
[2020.12.12-14.36.29:624][  0]LogOcInput: OculusInput pre-init called
[2020.12.12-14.36.29:825][  0]LogEngine: Initializing Engine...
[2020.12.12-14.36.29:827][  0]LogHMD: Failed to initialize OpenVR with code 110
[2020.12.12-14.36.29:982][  0]LogStats: UGameplayTagsManager::ConstructGameplayTagTree: Construct from data asset -  0.000 s
[2020.12.12-14.36.29:982][  0]LogStats: UGameplayTagsManager::ConstructGameplayTagTree: GameplayTagTreeChangedEvent.Broadcast -  0.000 s
[2020.12.12-14.36.30:066][  0]LogAIModule: Creating AISystem for world Untitled
[2020.12.12-14.36.30:083][  0]LogInit: XAudio2 using 'Speakers (Realtek(R) Audio)' : 2 channels at 48 kHz using 32 bits per sample (channel mask 0x3)
[2020.12.12-14.36.30:099][  0]LogInit: FAudioDevice initialized.
[2020.12.12-14.36.30:141][  0]LogDerivedDataCache: Saved boot cache 0.04s 78MB C:/Users/Gan Qi Wen/AppData/Local/UnrealEngine/4.18/DerivedDataCache/Boot.ddc.
[2020.12.12-14.36.30:151][  0]LogInit: Texture streaming: Enabled
[2020.12.12-14.36.30:217][  0]LogEngineSessionManager: EngineSessionManager initialized
[2020.12.12-14.36.30:304][  0]LogInit: Transaction tracking system initialized
[2020.12.12-14.36.30:508][  0]BlueprintLog: New page: Editor Load
[2020.12.12-14.36.31:094][  0]LocalizationService: Localization service is disabled
[2020.12.12-14.36.31:585][  0]LogConsoleResponse: Display: 
[2020.12.12-14.36.31:719][  0]LogCook: Display: Max memory allowance for cook 16384mb min free memory 0mb
[2020.12.12-14.36.31:719][  0]LogCook: Display: Mobile HDR setting 1
[2020.12.12-14.36.31:719][  0]LogGameplayTags: Display: UGameplayTagsManager::DoneAddingNativeTags. DelegateIsBound: 0
[2020.12.12-14.36.32:068][  0]LogFileCache: Scanning file cache for directory 'C:/Users/Gan Qi Wen/Documents/GitHub/Game_Engine_Final/ThirdPersontry/Content/' took 0.01s
[2020.12.12-14.36.32:516][  0]SourceControl: Source control is disabled
[2020.12.12-14.36.32:516][  0]Cmd: MAP LOAD FILE="../../../../../../Users/Gan Qi Wen/Documents/GitHub/Game_Engine_Final/ThirdPersontry/Content/ThirdPersonBP/Maps/ThirdPersonExampleMap.umap" TEMPLATE=0 SHOWPROGRESS=1 FEATURELEVEL=3
[2020.12.12-14.36.32:516][  0]LightingResults: New page: Lighting Build
[2020.12.12-14.36.32:543][  0]MapCheck: New page: Map Check
[2020.12.12-14.36.32:543][  0]LightingResults: New page: Lighting Build
[2020.12.12-14.36.32:835][  0]LogAIModule: Creating AISystem for world ThirdPersonExampleMap
[2020.12.12-14.36.32:841][  0]LogEditorServer: Finished looking for orphan Actors (0.000 secs)
[2020.12.12-14.36.32:853][  0]Cmd: MAP CHECKDEP NOCLEARLOG
[2020.12.12-14.36.32:884][  0]MapCheck: Map check complete: 0 Error(s), 0 Warning(s), took 32.075ms to complete.
[2020.12.12-14.36.32:884][  0]LogFileHelpers: Loading map 'ThirdPersonExampleMap' took 0.369
[2020.12.12-14.36.33:010][  0]LogCollectionManager: Loaded 0 collections in 0.001130 seconds
[2020.12.12-14.36.33:073][  0]LogFileCache: Scanning file cache for directory 'C:/Users/Gan Qi Wen/Documents/GitHub/Game_Engine_Final/ThirdPersontry/Saved/Collections/' took 0.01s
[2020.12.12-14.36.33:073][  0]LogFileCache: Scanning file cache for directory 'C:/Users/Gan Qi Wen/Documents/GitHub/Game_Engine_Final/ThirdPersontry/Content/Developers/GanQiWen/Collections/' took 0.01s
[2020.12.12-14.36.33:073][  0]LogFileCache: Scanning file cache for directory 'C:/Users/Gan Qi Wen/Documents/GitHub/Game_Engine_Final/ThirdPersontry/Content/Collections/' took 0.01s
[2020.12.12-14.36.33:073][  0]LogCollectionManager: Rebuilt the GUID cache for 0 collections in 0.000000 seconds
[2020.12.12-14.36.33:080][  0]LogContentBrowser: Native class hierarchy populated in 0.0063 seconds. Added 2363 classes and 519 folders.
[2020.12.12-14.36.33:124][  0]LogContentBrowser: Native class hierarchy updated for 'WidgetCarousel' in 0.0002 seconds. Added 0 classes and 0 folders.
[2020.12.12-14.36.33:151][  0]LogContentBrowser: Native class hierarchy updated for 'AddContentDialog' in 0.0002 seconds. Added 0 classes and 0 folders.
[2020.12.12-14.36.33:180][  0]LogContentBrowser: Native class hierarchy updated for 'SceneOutliner' in 0.0002 seconds. Added 1 classes and 2 folders.
[2020.12.12-14.36.33:234][  0]LogSlate: Took 0.000163 seconds to synchronously load lazily loaded font '../../../Engine/Content/Slate/Fonts/Roboto-Regular.ttf' (155K)
[2020.12.12-14.36.33:236][  0]LogSlate: Took 0.000156 seconds to synchronously load lazily loaded font '../../../Engine/Content/Slate/Fonts/Roboto-Bold.ttf' (160K)
[2020.12.12-14.36.33:241][  0]LogSlate: Took 0.000228 seconds to synchronously load lazily loaded font '../../../Engine/Content/Editor/Slate/Fonts/FontAwesome.ttf' (139K)
[2020.12.12-14.36.33:320][  0]LogRenderer: Reallocating scene render targets to support 1012x608 Format 10 NumSamples 1 (Frame:1).
[2020.12.12-14.36.33:481][  0]LogContentBrowser: Native class hierarchy updated for 'HierarchicalLODOutliner' in 0.0002 seconds. Added 1 classes and 2 folders.
[2020.12.12-14.36.33:481][  0]LogLoad: (Engine Initialization) Total time: 12.77 seconds
[2020.12.12-14.36.33:481][  0]LogLoad: (Engine Initialization) Total Blueprint compile time: 0.00 seconds
[2020.12.12-14.36.33:481][  0]LogExternalProfiler: No external profilers were discovered.  External profiling features will not be available.
[2020.12.12-14.36.33:514][  0]LogAssetRegistry: Asset discovery search completed in 7.7878 seconds
[2020.12.12-14.36.33:515][  0]LogCollectionManager: Rebuilt the object cache for 0 collections in 0.000000 seconds (found 0 objects)
[2020.12.12-14.36.33:515][  0]LogCollectionManager: Fixed up redirectors for 0 collections in 0.000036 seconds (updated 0 objects)
[2020.12.12-14.36.33:518][  0]LogContentStreaming: Texture pool size now 1000 MB
[2020.12.12-14.36.33:551][  0]LogSlate: Took 0.000138 seconds to synchronously load lazily loaded font '../../../Engine/Content/Slate/Fonts/Roboto-Light.ttf' (159K)
[2020.12.12-14.36.34:516][ 56]LogSlate: Took 0.000189 seconds to synchronously load lazily loaded font '../../../Engine/Content/Slate/Fonts/Roboto-Light.ttf' (159K)
[2020.12.12-14.36.53:497][910]LogEditorViewport: Clicking on Actor (context menu): StaticMeshActor (Floor)
[2020.12.12-14.36.54:333][956]LogEditorViewport: Clicking on Actor (LMB): StaticMeshActor (Floor)
[2020.12.12-14.36.57:958][169]Cmd: EDIT COPY
[2020.12.12-14.36.58:690][213]Cmd: EDIT PASTE
[2020.12.12-14.37.01:229][358]LogSlate: Took 0.000112 seconds to synchronously load lazily loaded font '../../../Engine/Content/Slate/Fonts/Roboto-Light.ttf' (159K)
[2020.12.12-14.37.01:358][358]LogSavePackage: Save=92.29ms
[2020.12.12-14.37.01:358][358]LogSavePackage: Moving '../../../../../../Users/Gan Qi Wen/Documents/GitHub/Game_Engine_Final/ThirdPersontry/Saved/ThirdPersonExampleMap1758D40C4243E6E1C5562CB1CBAC7933.tmp' to '../../../../../../Users/Gan Qi Wen/Documents/GitHub/Game_Engine_Final/ThirdPersontry/Content/ThirdPersonBP/Maps/ThirdPersonExampleMap.umap'
[2020.12.12-14.37.01:363][358]LogSavePackage: Display: Finished SavePackage ../../../../../../Users/Gan Qi Wen/Documents/GitHub/Game_Engine_Final/ThirdPersontry/Content/ThirdPersonBP/Maps/ThirdPersonExampleMap.umap
[2020.12.12-14.37.01:527][358]LogSavePackage: Save=120.31ms
[2020.12.12-14.37.01:527][358]LogSavePackage: Moving '../../../../../../Users/Gan Qi Wen/Documents/GitHub/Game_Engine_Final/ThirdPersontry/Saved/ThirdPersonExampleMap_BuiltDataABE9E535496A40EACC7B3F8A88E601C6.tmp' to '../../../../../../Users/Gan Qi Wen/Documents/GitHub/Game_Engine_Final/ThirdPersontry/Content/ThirdPersonBP/Maps/ThirdPersonExampleMap_BuiltData.uasset'
[2020.12.12-14.37.01:528][358]LogSavePackage: Display: Finished SavePackage ../../../../../../Users/Gan Qi Wen/Documents/GitHub/Game_Engine_Final/ThirdPersontry/Content/ThirdPersonBP/Maps/ThirdPersonExampleMap_BuiltData.uasset
